CRITICAL - 2021-10-26 00:03:07 --> PDF rendering library or library path has not been defined.
#0 C:\xampp\htdocs\promise\vendor\phpoffice\phpword\src\PhpWord\IOFactory.php(44): PhpOffice\PhpWord\Writer\PDF->__construct(Object(PhpOffice\PhpWord\PhpWord))
#1 C:\xampp\htdocs\promise\vendor\phpoffice\phpword\src\PhpWord\PhpWord.php(361): PhpOffice\PhpWord\IOFactory::createWriter(Object(PhpOffice\PhpWord\PhpWord), 'PDF')
#2 C:\xampp\htdocs\promise\app\Controllers\CetakSurat.php(66): PhpOffice\PhpWord\PhpWord->save('SURAT_PENGANTAR...', 'PDF', true)
#3 C:\xampp\htdocs\promise\vendor\codeigniter4\framework\system\CodeIgniter.php(928): App\Controllers\CetakSurat->suratPengantarSurvey()
#4 C:\xampp\htdocs\promise\vendor\codeigniter4\framework\system\CodeIgniter.php(436): CodeIgniter\CodeIgniter->runController(Object(App\Controllers\CetakSurat))
#5 C:\xampp\htdocs\promise\vendor\codeigniter4\framework\system\CodeIgniter.php(336): CodeIgniter\CodeIgniter->handleRequest(NULL, Object(Config\Cache), false)
#6 C:\xampp\htdocs\promise\public\index.php(45): CodeIgniter\CodeIgniter->run()
#7 {main}
CRITICAL - 2021-10-26 00:03:45 --> PDF rendering library or library path has not been defined.
#0 C:\xampp\htdocs\promise\vendor\phpoffice\phpword\src\PhpWord\IOFactory.php(44): PhpOffice\PhpWord\Writer\PDF->__construct(Object(PhpOffice\PhpWord\PhpWord))
#1 C:\xampp\htdocs\promise\vendor\phpoffice\phpword\src\PhpWord\PhpWord.php(361): PhpOffice\PhpWord\IOFactory::createWriter(Object(PhpOffice\PhpWord\PhpWord), 'PDF')
#2 C:\xampp\htdocs\promise\app\Controllers\CetakSurat.php(66): PhpOffice\PhpWord\PhpWord->save('SURAT_PENGANTAR...', 'PDF', true)
#3 C:\xampp\htdocs\promise\vendor\codeigniter4\framework\system\CodeIgniter.php(928): App\Controllers\CetakSurat->suratPengantarSurvey()
#4 C:\xampp\htdocs\promise\vendor\codeigniter4\framework\system\CodeIgniter.php(436): CodeIgniter\CodeIgniter->runController(Object(App\Controllers\CetakSurat))
#5 C:\xampp\htdocs\promise\vendor\codeigniter4\framework\system\CodeIgniter.php(336): CodeIgniter\CodeIgniter->handleRequest(NULL, Object(Config\Cache), false)
#6 C:\xampp\htdocs\promise\public\index.php(45): CodeIgniter\CodeIgniter->run()
#7 {main}
CRITICAL - 2021-10-26 00:03:47 --> PDF rendering library or library path has not been defined.
#0 C:\xampp\htdocs\promise\vendor\phpoffice\phpword\src\PhpWord\IOFactory.php(44): PhpOffice\PhpWord\Writer\PDF->__construct(Object(PhpOffice\PhpWord\PhpWord))
#1 C:\xampp\htdocs\promise\vendor\phpoffice\phpword\src\PhpWord\PhpWord.php(361): PhpOffice\PhpWord\IOFactory::createWriter(Object(PhpOffice\PhpWord\PhpWord), 'PDF')
#2 C:\xampp\htdocs\promise\app\Controllers\CetakSurat.php(66): PhpOffice\PhpWord\PhpWord->save('SURAT_PENGANTAR...', 'PDF', true)
#3 C:\xampp\htdocs\promise\vendor\codeigniter4\framework\system\CodeIgniter.php(928): App\Controllers\CetakSurat->suratPengantarSurvey()
#4 C:\xampp\htdocs\promise\vendor\codeigniter4\framework\system\CodeIgniter.php(436): CodeIgniter\CodeIgniter->runController(Object(App\Controllers\CetakSurat))
#5 C:\xampp\htdocs\promise\vendor\codeigniter4\framework\system\CodeIgniter.php(336): CodeIgniter\CodeIgniter->handleRequest(NULL, Object(Config\Cache), false)
#6 C:\xampp\htdocs\promise\public\index.php(45): CodeIgniter\CodeIgniter->run()
#7 {main}
CRITICAL - 2021-10-26 01:05:22 --> Can not clone row, template variable not found or variable contains markup.
#0 C:\xampp\htdocs\promise\vendor\phpoffice\phpword\src\PhpWord\TemplateProcessor.php(777): PhpOffice\PhpWord\TemplateProcessor->cloneRow('${noanggota}', 2)
#1 C:\xampp\htdocs\promise\app\Controllers\CetakSurat.php(55): PhpOffice\PhpWord\TemplateProcessor->cloneRowAndSetValues('noanggota', Array)
#2 C:\xampp\htdocs\promise\vendor\codeigniter4\framework\system\CodeIgniter.php(928): App\Controllers\CetakSurat->suratPengantarSurvey()
#3 C:\xampp\htdocs\promise\vendor\codeigniter4\framework\system\CodeIgniter.php(436): CodeIgniter\CodeIgniter->runController(Object(App\Controllers\CetakSurat))
#4 C:\xampp\htdocs\promise\vendor\codeigniter4\framework\system\CodeIgniter.php(336): CodeIgniter\CodeIgniter->handleRequest(NULL, Object(Config\Cache), false)
#5 C:\xampp\htdocs\promise\public\index.php(45): CodeIgniter\CodeIgniter->run()
#6 {main}
CRITICAL - 2021-10-26 01:15:40 --> Undefined variable: mime
#0 C:\xampp\htdocs\promise\app\Controllers\CetakSurat.php(72): CodeIgniter\Debug\Exceptions->errorHandler(8, 'Undefined varia...', 'C:\\xampp\\htdocs...', 72, Array)
#1 C:\xampp\htdocs\promise\vendor\codeigniter4\framework\system\CodeIgniter.php(928): App\Controllers\CetakSurat->suratPengantarSurvey()
#2 C:\xampp\htdocs\promise\vendor\codeigniter4\framework\system\CodeIgniter.php(436): CodeIgniter\CodeIgniter->runController(Object(App\Controllers\CetakSurat))
#3 C:\xampp\htdocs\promise\vendor\codeigniter4\framework\system\CodeIgniter.php(336): CodeIgniter\CodeIgniter->handleRequest(NULL, Object(Config\Cache), false)
#4 C:\xampp\htdocs\promise\public\index.php(45): CodeIgniter\CodeIgniter->run()
#5 {main}
CRITICAL - 2021-10-26 01:15:42 --> Undefined variable: mime
#0 C:\xampp\htdocs\promise\app\Controllers\CetakSurat.php(72): CodeIgniter\Debug\Exceptions->errorHandler(8, 'Undefined varia...', 'C:\\xampp\\htdocs...', 72, Array)
#1 C:\xampp\htdocs\promise\vendor\codeigniter4\framework\system\CodeIgniter.php(928): App\Controllers\CetakSurat->suratPengantarSurvey()
#2 C:\xampp\htdocs\promise\vendor\codeigniter4\framework\system\CodeIgniter.php(436): CodeIgniter\CodeIgniter->runController(Object(App\Controllers\CetakSurat))
#3 C:\xampp\htdocs\promise\vendor\codeigniter4\framework\system\CodeIgniter.php(336): CodeIgniter\CodeIgniter->handleRequest(NULL, Object(Config\Cache), false)
#4 C:\xampp\htdocs\promise\public\index.php(45): CodeIgniter\CodeIgniter->run()
#5 {main}
CRITICAL - 2021-10-26 01:15:47 --> Undefined variable: mime
#0 C:\xampp\htdocs\promise\app\Controllers\CetakSurat.php(72): CodeIgniter\Debug\Exceptions->errorHandler(8, 'Undefined varia...', 'C:\\xampp\\htdocs...', 72, Array)
#1 C:\xampp\htdocs\promise\vendor\codeigniter4\framework\system\CodeIgniter.php(928): App\Controllers\CetakSurat->suratPengantarSurvey()
#2 C:\xampp\htdocs\promise\vendor\codeigniter4\framework\system\CodeIgniter.php(436): CodeIgniter\CodeIgniter->runController(Object(App\Controllers\CetakSurat))
#3 C:\xampp\htdocs\promise\vendor\codeigniter4\framework\system\CodeIgniter.php(336): CodeIgniter\CodeIgniter->handleRequest(NULL, Object(Config\Cache), false)
#4 C:\xampp\htdocs\promise\public\index.php(45): CodeIgniter\CodeIgniter->run()
#5 {main}
CRITICAL - 2021-10-26 01:15:50 --> Undefined variable: mime
#0 C:\xampp\htdocs\promise\app\Controllers\CetakSurat.php(72): CodeIgniter\Debug\Exceptions->errorHandler(8, 'Undefined varia...', 'C:\\xampp\\htdocs...', 72, Array)
#1 C:\xampp\htdocs\promise\vendor\codeigniter4\framework\system\CodeIgniter.php(928): App\Controllers\CetakSurat->suratPengantarSurvey()
#2 C:\xampp\htdocs\promise\vendor\codeigniter4\framework\system\CodeIgniter.php(436): CodeIgniter\CodeIgniter->runController(Object(App\Controllers\CetakSurat))
#3 C:\xampp\htdocs\promise\vendor\codeigniter4\framework\system\CodeIgniter.php(336): CodeIgniter\CodeIgniter->handleRequest(NULL, Object(Config\Cache), false)
#4 C:\xampp\htdocs\promise\public\index.php(45): CodeIgniter\CodeIgniter->run()
#5 {main}
CRITICAL - 2021-10-26 01:16:21 --> Undefined variable: mime
#0 C:\xampp\htdocs\promise\app\Controllers\CetakSurat.php(72): CodeIgniter\Debug\Exceptions->errorHandler(8, 'Undefined varia...', 'C:\\xampp\\htdocs...', 72, Array)
#1 C:\xampp\htdocs\promise\vendor\codeigniter4\framework\system\CodeIgniter.php(928): App\Controllers\CetakSurat->suratPengantarSurvey()
#2 C:\xampp\htdocs\promise\vendor\codeigniter4\framework\system\CodeIgniter.php(436): CodeIgniter\CodeIgniter->runController(Object(App\Controllers\CetakSurat))
#3 C:\xampp\htdocs\promise\vendor\codeigniter4\framework\system\CodeIgniter.php(336): CodeIgniter\CodeIgniter->handleRequest(NULL, Object(Config\Cache), false)
#4 C:\xampp\htdocs\promise\public\index.php(45): CodeIgniter\CodeIgniter->run()
#5 {main}
CRITICAL - 2021-10-26 01:17:28 --> Undefined variable: mime
#0 C:\xampp\htdocs\promise\app\Controllers\CetakSurat.php(72): CodeIgniter\Debug\Exceptions->errorHandler(8, 'Undefined varia...', 'C:\\xampp\\htdocs...', 72, Array)
#1 C:\xampp\htdocs\promise\vendor\codeigniter4\framework\system\CodeIgniter.php(928): App\Controllers\CetakSurat->suratPengantarSurvey()
#2 C:\xampp\htdocs\promise\vendor\codeigniter4\framework\system\CodeIgniter.php(436): CodeIgniter\CodeIgniter->runController(Object(App\Controllers\CetakSurat))
#3 C:\xampp\htdocs\promise\vendor\codeigniter4\framework\system\CodeIgniter.php(336): CodeIgniter\CodeIgniter->handleRequest(NULL, Object(Config\Cache), false)
#4 C:\xampp\htdocs\promise\public\index.php(45): CodeIgniter\CodeIgniter->run()
#5 {main}
CRITICAL - 2021-10-26 01:17:29 --> Undefined variable: mime
#0 C:\xampp\htdocs\promise\app\Controllers\CetakSurat.php(72): CodeIgniter\Debug\Exceptions->errorHandler(8, 'Undefined varia...', 'C:\\xampp\\htdocs...', 72, Array)
#1 C:\xampp\htdocs\promise\vendor\codeigniter4\framework\system\CodeIgniter.php(928): App\Controllers\CetakSurat->suratPengantarSurvey()
#2 C:\xampp\htdocs\promise\vendor\codeigniter4\framework\system\CodeIgniter.php(436): CodeIgniter\CodeIgniter->runController(Object(App\Controllers\CetakSurat))
#3 C:\xampp\htdocs\promise\vendor\codeigniter4\framework\system\CodeIgniter.php(336): CodeIgniter\CodeIgniter->handleRequest(NULL, Object(Config\Cache), false)
#4 C:\xampp\htdocs\promise\public\index.php(45): CodeIgniter\CodeIgniter->run()
#5 {main}
CRITICAL - 2021-10-26 01:17:35 --> Undefined variable: mime
#0 C:\xampp\htdocs\promise\app\Controllers\CetakSurat.php(72): CodeIgniter\Debug\Exceptions->errorHandler(8, 'Undefined varia...', 'C:\\xampp\\htdocs...', 72, Array)
#1 C:\xampp\htdocs\promise\vendor\codeigniter4\framework\system\CodeIgniter.php(928): App\Controllers\CetakSurat->suratPengantarSurvey()
#2 C:\xampp\htdocs\promise\vendor\codeigniter4\framework\system\CodeIgniter.php(436): CodeIgniter\CodeIgniter->runController(Object(App\Controllers\CetakSurat))
#3 C:\xampp\htdocs\promise\vendor\codeigniter4\framework\system\CodeIgniter.php(336): CodeIgniter\CodeIgniter->handleRequest(NULL, Object(Config\Cache), false)
#4 C:\xampp\htdocs\promise\public\index.php(45): CodeIgniter\CodeIgniter->run()
#5 {main}
CRITICAL - 2021-10-26 01:17:50 --> Undefined variable: mime
#0 C:\xampp\htdocs\promise\app\Controllers\CetakSurat.php(72): CodeIgniter\Debug\Exceptions->errorHandler(8, 'Undefined varia...', 'C:\\xampp\\htdocs...', 72, Array)
#1 C:\xampp\htdocs\promise\vendor\codeigniter4\framework\system\CodeIgniter.php(928): App\Controllers\CetakSurat->suratPengantarSurvey()
#2 C:\xampp\htdocs\promise\vendor\codeigniter4\framework\system\CodeIgniter.php(436): CodeIgniter\CodeIgniter->runController(Object(App\Controllers\CetakSurat))
#3 C:\xampp\htdocs\promise\vendor\codeigniter4\framework\system\CodeIgniter.php(336): CodeIgniter\CodeIgniter->handleRequest(NULL, Object(Config\Cache), false)
#4 C:\xampp\htdocs\promise\public\index.php(45): CodeIgniter\CodeIgniter->run()
#5 {main}
CRITICAL - 2021-10-26 01:18:31 --> unlink(C:\xampp\htdocs\promise\public\documents\SURAT_PENGANTAR_SURVEY_temp.docx): Resource temporarily unavailable
#0 [internal function]: CodeIgniter\Debug\Exceptions->errorHandler(2, 'unlink(C:\\xampp...', 'C:\\xampp\\htdocs...', 938, Array)
#1 C:\xampp\htdocs\promise\vendor\phpoffice\phpword\src\PhpWord\TemplateProcessor.php(938): unlink('C:\\xampp\\htdocs...')
#2 C:\xampp\htdocs\promise\app\Controllers\CetakSurat.php(66): PhpOffice\PhpWord\TemplateProcessor->saveAs('C:\\xampp\\htdocs...')
#3 C:\xampp\htdocs\promise\vendor\codeigniter4\framework\system\CodeIgniter.php(928): App\Controllers\CetakSurat->suratPengantarSurvey()
#4 C:\xampp\htdocs\promise\vendor\codeigniter4\framework\system\CodeIgniter.php(436): CodeIgniter\CodeIgniter->runController(Object(App\Controllers\CetakSurat))
#5 C:\xampp\htdocs\promise\vendor\codeigniter4\framework\system\CodeIgniter.php(336): CodeIgniter\CodeIgniter->handleRequest(NULL, Object(Config\Cache), false)
#6 C:\xampp\htdocs\promise\public\index.php(45): CodeIgniter\CodeIgniter->run()
#7 {main}
CRITICAL - 2021-10-26 01:19:01 --> Undefined variable: mime
#0 C:\xampp\htdocs\promise\app\Controllers\CetakSurat.php(72): CodeIgniter\Debug\Exceptions->errorHandler(8, 'Undefined varia...', 'C:\\xampp\\htdocs...', 72, Array)
#1 C:\xampp\htdocs\promise\vendor\codeigniter4\framework\system\CodeIgniter.php(928): App\Controllers\CetakSurat->suratPengantarSurvey()
#2 C:\xampp\htdocs\promise\vendor\codeigniter4\framework\system\CodeIgniter.php(436): CodeIgniter\CodeIgniter->runController(Object(App\Controllers\CetakSurat))
#3 C:\xampp\htdocs\promise\vendor\codeigniter4\framework\system\CodeIgniter.php(336): CodeIgniter\CodeIgniter->handleRequest(NULL, Object(Config\Cache), false)
#4 C:\xampp\htdocs\promise\public\index.php(45): CodeIgniter\CodeIgniter->run()
#5 {main}
CRITICAL - 2021-10-26 01:19:02 --> Undefined variable: mime
#0 C:\xampp\htdocs\promise\app\Controllers\CetakSurat.php(72): CodeIgniter\Debug\Exceptions->errorHandler(8, 'Undefined varia...', 'C:\\xampp\\htdocs...', 72, Array)
#1 C:\xampp\htdocs\promise\vendor\codeigniter4\framework\system\CodeIgniter.php(928): App\Controllers\CetakSurat->suratPengantarSurvey()
#2 C:\xampp\htdocs\promise\vendor\codeigniter4\framework\system\CodeIgniter.php(436): CodeIgniter\CodeIgniter->runController(Object(App\Controllers\CetakSurat))
#3 C:\xampp\htdocs\promise\vendor\codeigniter4\framework\system\CodeIgniter.php(336): CodeIgniter\CodeIgniter->handleRequest(NULL, Object(Config\Cache), false)
#4 C:\xampp\htdocs\promise\public\index.php(45): CodeIgniter\CodeIgniter->run()
#5 {main}
CRITICAL - 2021-10-26 01:19:08 --> Undefined variable: mime
#0 C:\xampp\htdocs\promise\app\Controllers\CetakSurat.php(72): CodeIgniter\Debug\Exceptions->errorHandler(8, 'Undefined varia...', 'C:\\xampp\\htdocs...', 72, Array)
#1 C:\xampp\htdocs\promise\vendor\codeigniter4\framework\system\CodeIgniter.php(928): App\Controllers\CetakSurat->suratPengantarSurvey()
#2 C:\xampp\htdocs\promise\vendor\codeigniter4\framework\system\CodeIgniter.php(436): CodeIgniter\CodeIgniter->runController(Object(App\Controllers\CetakSurat))
#3 C:\xampp\htdocs\promise\vendor\codeigniter4\framework\system\CodeIgniter.php(336): CodeIgniter\CodeIgniter->handleRequest(NULL, Object(Config\Cache), false)
#4 C:\xampp\htdocs\promise\public\index.php(45): CodeIgniter\CodeIgniter->run()
#5 {main}
CRITICAL - 2021-10-26 01:19:12 --> Undefined variable: mime
#0 C:\xampp\htdocs\promise\app\Controllers\CetakSurat.php(72): CodeIgniter\Debug\Exceptions->errorHandler(8, 'Undefined varia...', 'C:\\xampp\\htdocs...', 72, Array)
#1 C:\xampp\htdocs\promise\vendor\codeigniter4\framework\system\CodeIgniter.php(928): App\Controllers\CetakSurat->suratPengantarSurvey()
#2 C:\xampp\htdocs\promise\vendor\codeigniter4\framework\system\CodeIgniter.php(436): CodeIgniter\CodeIgniter->runController(Object(App\Controllers\CetakSurat))
#3 C:\xampp\htdocs\promise\vendor\codeigniter4\framework\system\CodeIgniter.php(336): CodeIgniter\CodeIgniter->handleRequest(NULL, Object(Config\Cache), false)
#4 C:\xampp\htdocs\promise\public\index.php(45): CodeIgniter\CodeIgniter->run()
#5 {main}
CRITICAL - 2021-10-26 01:19:43 --> Undefined variable: mime
#0 C:\xampp\htdocs\promise\app\Controllers\CetakSurat.php(72): CodeIgniter\Debug\Exceptions->errorHandler(8, 'Undefined varia...', 'C:\\xampp\\htdocs...', 72, Array)
#1 C:\xampp\htdocs\promise\vendor\codeigniter4\framework\system\CodeIgniter.php(928): App\Controllers\CetakSurat->suratPengantarSurvey()
#2 C:\xampp\htdocs\promise\vendor\codeigniter4\framework\system\CodeIgniter.php(436): CodeIgniter\CodeIgniter->runController(Object(App\Controllers\CetakSurat))
#3 C:\xampp\htdocs\promise\vendor\codeigniter4\framework\system\CodeIgniter.php(336): CodeIgniter\CodeIgniter->handleRequest(NULL, Object(Config\Cache), false)
#4 C:\xampp\htdocs\promise\public\index.php(45): CodeIgniter\CodeIgniter->run()
#5 {main}
CRITICAL - 2021-10-26 01:20:44 --> Undefined variable: mime
#0 C:\xampp\htdocs\promise\app\Controllers\CetakSurat.php(72): CodeIgniter\Debug\Exceptions->errorHandler(8, 'Undefined varia...', 'C:\\xampp\\htdocs...', 72, Array)
#1 C:\xampp\htdocs\promise\vendor\codeigniter4\framework\system\CodeIgniter.php(928): App\Controllers\CetakSurat->suratPengantarSurvey()
#2 C:\xampp\htdocs\promise\vendor\codeigniter4\framework\system\CodeIgniter.php(436): CodeIgniter\CodeIgniter->runController(Object(App\Controllers\CetakSurat))
#3 C:\xampp\htdocs\promise\vendor\codeigniter4\framework\system\CodeIgniter.php(336): CodeIgniter\CodeIgniter->handleRequest(NULL, Object(Config\Cache), false)
#4 C:\xampp\htdocs\promise\public\index.php(45): CodeIgniter\CodeIgniter->run()
#5 {main}
CRITICAL - 2021-10-26 01:25:45 --> Undefined variable: mime
#0 C:\xampp\htdocs\promise\app\Controllers\CetakSurat.php(72): CodeIgniter\Debug\Exceptions->errorHandler(8, 'Undefined varia...', 'C:\\xampp\\htdocs...', 72, Array)
#1 C:\xampp\htdocs\promise\vendor\codeigniter4\framework\system\CodeIgniter.php(928): App\Controllers\CetakSurat->suratPengantarSurvey()
#2 C:\xampp\htdocs\promise\vendor\codeigniter4\framework\system\CodeIgniter.php(436): CodeIgniter\CodeIgniter->runController(Object(App\Controllers\CetakSurat))
#3 C:\xampp\htdocs\promise\vendor\codeigniter4\framework\system\CodeIgniter.php(336): CodeIgniter\CodeIgniter->handleRequest(NULL, Object(Config\Cache), false)
#4 C:\xampp\htdocs\promise\public\index.php(45): CodeIgniter\CodeIgniter->run()
#5 {main}
CRITICAL - 2021-10-26 04:38:57 --> Undefined variable: mime
#0 C:\xampp\htdocs\promise\app\Controllers\CetakSurat.php(71): CodeIgniter\Debug\Exceptions->errorHandler(8, 'Undefined varia...', 'C:\\xampp\\htdocs...', 71, Array)
#1 C:\xampp\htdocs\promise\vendor\codeigniter4\framework\system\CodeIgniter.php(928): App\Controllers\CetakSurat->suratPengantarSurvey()
#2 C:\xampp\htdocs\promise\vendor\codeigniter4\framework\system\CodeIgniter.php(436): CodeIgniter\CodeIgniter->runController(Object(App\Controllers\CetakSurat))
#3 C:\xampp\htdocs\promise\vendor\codeigniter4\framework\system\CodeIgniter.php(336): CodeIgniter\CodeIgniter->handleRequest(NULL, Object(Config\Cache), false)
#4 C:\xampp\htdocs\promise\public\index.php(45): CodeIgniter\CodeIgniter->run()
#5 {main}
CRITICAL - 2021-10-26 04:38:58 --> Undefined variable: mime
#0 C:\xampp\htdocs\promise\app\Controllers\CetakSurat.php(71): CodeIgniter\Debug\Exceptions->errorHandler(8, 'Undefined varia...', 'C:\\xampp\\htdocs...', 71, Array)
#1 C:\xampp\htdocs\promise\vendor\codeigniter4\framework\system\CodeIgniter.php(928): App\Controllers\CetakSurat->suratPengantarSurvey()
#2 C:\xampp\htdocs\promise\vendor\codeigniter4\framework\system\CodeIgniter.php(436): CodeIgniter\CodeIgniter->runController(Object(App\Controllers\CetakSurat))
#3 C:\xampp\htdocs\promise\vendor\codeigniter4\framework\system\CodeIgniter.php(336): CodeIgniter\CodeIgniter->handleRequest(NULL, Object(Config\Cache), false)
#4 C:\xampp\htdocs\promise\public\index.php(45): CodeIgniter\CodeIgniter->run()
#5 {main}
CRITICAL - 2021-10-26 04:39:04 --> Undefined variable: mime
#0 C:\xampp\htdocs\promise\app\Controllers\CetakSurat.php(71): CodeIgniter\Debug\Exceptions->errorHandler(8, 'Undefined varia...', 'C:\\xampp\\htdocs...', 71, Array)
#1 C:\xampp\htdocs\promise\vendor\codeigniter4\framework\system\CodeIgniter.php(928): App\Controllers\CetakSurat->suratPengantarSurvey()
#2 C:\xampp\htdocs\promise\vendor\codeigniter4\framework\system\CodeIgniter.php(436): CodeIgniter\CodeIgniter->runController(Object(App\Controllers\CetakSurat))
#3 C:\xampp\htdocs\promise\vendor\codeigniter4\framework\system\CodeIgniter.php(336): CodeIgniter\CodeIgniter->handleRequest(NULL, Object(Config\Cache), false)
#4 C:\xampp\htdocs\promise\public\index.php(45): CodeIgniter\CodeIgniter->run()
#5 {main}
CRITICAL - 2021-10-26 04:39:35 --> Undefined variable: mime
#0 C:\xampp\htdocs\promise\app\Controllers\CetakSurat.php(71): CodeIgniter\Debug\Exceptions->errorHandler(8, 'Undefined varia...', 'C:\\xampp\\htdocs...', 71, Array)
#1 C:\xampp\htdocs\promise\vendor\codeigniter4\framework\system\CodeIgniter.php(928): App\Controllers\CetakSurat->suratPengantarSurvey()
#2 C:\xampp\htdocs\promise\vendor\codeigniter4\framework\system\CodeIgniter.php(436): CodeIgniter\CodeIgniter->runController(Object(App\Controllers\CetakSurat))
#3 C:\xampp\htdocs\promise\vendor\codeigniter4\framework\system\CodeIgniter.php(336): CodeIgniter\CodeIgniter->handleRequest(NULL, Object(Config\Cache), false)
#4 C:\xampp\htdocs\promise\public\index.php(45): CodeIgniter\CodeIgniter->run()
#5 {main}
CRITICAL - 2021-10-26 04:40:35 --> Undefined variable: mime
#0 C:\xampp\htdocs\promise\app\Controllers\CetakSurat.php(71): CodeIgniter\Debug\Exceptions->errorHandler(8, 'Undefined varia...', 'C:\\xampp\\htdocs...', 71, Array)
#1 C:\xampp\htdocs\promise\vendor\codeigniter4\framework\system\CodeIgniter.php(928): App\Controllers\CetakSurat->suratPengantarSurvey()
#2 C:\xampp\htdocs\promise\vendor\codeigniter4\framework\system\CodeIgniter.php(436): CodeIgniter\CodeIgniter->runController(Object(App\Controllers\CetakSurat))
#3 C:\xampp\htdocs\promise\vendor\codeigniter4\framework\system\CodeIgniter.php(336): CodeIgniter\CodeIgniter->handleRequest(NULL, Object(Config\Cache), false)
#4 C:\xampp\htdocs\promise\public\index.php(45): CodeIgniter\CodeIgniter->run()
#5 {main}
CRITICAL - 2021-10-26 04:43:06 --> Undefined variable: mime
#0 C:\xampp\htdocs\promise\app\Controllers\CetakSurat.php(71): CodeIgniter\Debug\Exceptions->errorHandler(8, 'Undefined varia...', 'C:\\xampp\\htdocs...', 71, Array)
#1 C:\xampp\htdocs\promise\vendor\codeigniter4\framework\system\CodeIgniter.php(928): App\Controllers\CetakSurat->suratPengantarSurvey()
#2 C:\xampp\htdocs\promise\vendor\codeigniter4\framework\system\CodeIgniter.php(436): CodeIgniter\CodeIgniter->runController(Object(App\Controllers\CetakSurat))
#3 C:\xampp\htdocs\promise\vendor\codeigniter4\framework\system\CodeIgniter.php(336): CodeIgniter\CodeIgniter->handleRequest(NULL, Object(Config\Cache), false)
#4 C:\xampp\htdocs\promise\public\index.php(45): CodeIgniter\CodeIgniter->run()
#5 {main}
CRITICAL - 2021-10-26 04:44:51 --> Undefined variable: mime
#0 C:\xampp\htdocs\promise\app\Controllers\CetakSurat.php(72): CodeIgniter\Debug\Exceptions->errorHandler(8, 'Undefined varia...', 'C:\\xampp\\htdocs...', 72, Array)
#1 C:\xampp\htdocs\promise\vendor\codeigniter4\framework\system\CodeIgniter.php(928): App\Controllers\CetakSurat->suratPengantarSurvey()
#2 C:\xampp\htdocs\promise\vendor\codeigniter4\framework\system\CodeIgniter.php(436): CodeIgniter\CodeIgniter->runController(Object(App\Controllers\CetakSurat))
#3 C:\xampp\htdocs\promise\vendor\codeigniter4\framework\system\CodeIgniter.php(336): CodeIgniter\CodeIgniter->handleRequest(NULL, Object(Config\Cache), false)
#4 C:\xampp\htdocs\promise\public\index.php(45): CodeIgniter\CodeIgniter->run()
#5 {main}
CRITICAL - 2021-10-26 04:44:52 --> Undefined variable: mime
#0 C:\xampp\htdocs\promise\app\Controllers\CetakSurat.php(72): CodeIgniter\Debug\Exceptions->errorHandler(8, 'Undefined varia...', 'C:\\xampp\\htdocs...', 72, Array)
#1 C:\xampp\htdocs\promise\vendor\codeigniter4\framework\system\CodeIgniter.php(928): App\Controllers\CetakSurat->suratPengantarSurvey()
#2 C:\xampp\htdocs\promise\vendor\codeigniter4\framework\system\CodeIgniter.php(436): CodeIgniter\CodeIgniter->runController(Object(App\Controllers\CetakSurat))
#3 C:\xampp\htdocs\promise\vendor\codeigniter4\framework\system\CodeIgniter.php(336): CodeIgniter\CodeIgniter->handleRequest(NULL, Object(Config\Cache), false)
#4 C:\xampp\htdocs\promise\public\index.php(45): CodeIgniter\CodeIgniter->run()
#5 {main}
CRITICAL - 2021-10-26 04:44:58 --> Undefined variable: mime
#0 C:\xampp\htdocs\promise\app\Controllers\CetakSurat.php(72): CodeIgniter\Debug\Exceptions->errorHandler(8, 'Undefined varia...', 'C:\\xampp\\htdocs...', 72, Array)
#1 C:\xampp\htdocs\promise\vendor\codeigniter4\framework\system\CodeIgniter.php(928): App\Controllers\CetakSurat->suratPengantarSurvey()
#2 C:\xampp\htdocs\promise\vendor\codeigniter4\framework\system\CodeIgniter.php(436): CodeIgniter\CodeIgniter->runController(Object(App\Controllers\CetakSurat))
#3 C:\xampp\htdocs\promise\vendor\codeigniter4\framework\system\CodeIgniter.php(336): CodeIgniter\CodeIgniter->handleRequest(NULL, Object(Config\Cache), false)
#4 C:\xampp\htdocs\promise\public\index.php(45): CodeIgniter\CodeIgniter->run()
#5 {main}
CRITICAL - 2021-10-26 04:45:28 --> Undefined variable: mime
#0 C:\xampp\htdocs\promise\app\Controllers\CetakSurat.php(72): CodeIgniter\Debug\Exceptions->errorHandler(8, 'Undefined varia...', 'C:\\xampp\\htdocs...', 72, Array)
#1 C:\xampp\htdocs\promise\vendor\codeigniter4\framework\system\CodeIgniter.php(928): App\Controllers\CetakSurat->suratPengantarSurvey()
#2 C:\xampp\htdocs\promise\vendor\codeigniter4\framework\system\CodeIgniter.php(436): CodeIgniter\CodeIgniter->runController(Object(App\Controllers\CetakSurat))
#3 C:\xampp\htdocs\promise\vendor\codeigniter4\framework\system\CodeIgniter.php(336): CodeIgniter\CodeIgniter->handleRequest(NULL, Object(Config\Cache), false)
#4 C:\xampp\htdocs\promise\public\index.php(45): CodeIgniter\CodeIgniter->run()
#5 {main}
CRITICAL - 2021-10-26 04:49:33 --> Undefined variable: mime
#0 C:\xampp\htdocs\promise\app\Controllers\CetakSurat.php(72): CodeIgniter\Debug\Exceptions->errorHandler(8, 'Undefined varia...', 'C:\\xampp\\htdocs...', 72, Array)
#1 C:\xampp\htdocs\promise\vendor\codeigniter4\framework\system\CodeIgniter.php(928): App\Controllers\CetakSurat->suratPengantarSurvey()
#2 C:\xampp\htdocs\promise\vendor\codeigniter4\framework\system\CodeIgniter.php(436): CodeIgniter\CodeIgniter->runController(Object(App\Controllers\CetakSurat))
#3 C:\xampp\htdocs\promise\vendor\codeigniter4\framework\system\CodeIgniter.php(336): CodeIgniter\CodeIgniter->handleRequest(NULL, Object(Config\Cache), false)
#4 C:\xampp\htdocs\promise\public\index.php(45): CodeIgniter\CodeIgniter->run()
#5 {main}
CRITICAL - 2021-10-26 04:49:55 --> Cannot find archive file.
#0 C:\xampp\htdocs\promise\vendor\phpoffice\phpword\src\PhpWord\Reader\Word2007.php(147): PhpOffice\PhpWord\Shared\XMLReader->getDomFromZip('C:\\xampp\\htdocs...', '_rels/.rels')
#1 C:\xampp\htdocs\promise\vendor\phpoffice\phpword\src\PhpWord\Reader\Word2007.php(112): PhpOffice\PhpWord\Reader\Word2007->getRels('C:\\xampp\\htdocs...', '_rels/.rels')
#2 C:\xampp\htdocs\promise\vendor\phpoffice\phpword\src\PhpWord\Reader\Word2007.php(42): PhpOffice\PhpWord\Reader\Word2007->readRelationships('C:\\xampp\\htdocs...')
#3 C:\xampp\htdocs\promise\vendor\phpoffice\phpword\src\PhpWord\IOFactory.php(93): PhpOffice\PhpWord\Reader\Word2007->load('C:\\xampp\\htdocs...')
#4 C:\xampp\htdocs\promise\app\Controllers\CetakSurat.php(67): PhpOffice\PhpWord\IOFactory::load('C:\\xampp\\htdocs...')
#5 C:\xampp\htdocs\promise\vendor\codeigniter4\framework\system\CodeIgniter.php(928): App\Controllers\CetakSurat->suratPengantarSurvey()
#6 C:\xampp\htdocs\promise\vendor\codeigniter4\framework\system\CodeIgniter.php(436): CodeIgniter\CodeIgniter->runController(Object(App\Controllers\CetakSurat))
#7 C:\xampp\htdocs\promise\vendor\codeigniter4\framework\system\CodeIgniter.php(336): CodeIgniter\CodeIgniter->handleRequest(NULL, Object(Config\Cache), false)
#8 C:\xampp\htdocs\promise\public\index.php(45): CodeIgniter\CodeIgniter->run()
#9 {main}
CRITICAL - 2021-10-26 04:51:41 --> Cannot find archive file.
#0 C:\xampp\htdocs\promise\vendor\phpoffice\phpword\src\PhpWord\Reader\Word2007.php(147): PhpOffice\PhpWord\Shared\XMLReader->getDomFromZip('C:\\xampp\\htdocs...', '_rels/.rels')
#1 C:\xampp\htdocs\promise\vendor\phpoffice\phpword\src\PhpWord\Reader\Word2007.php(112): PhpOffice\PhpWord\Reader\Word2007->getRels('C:\\xampp\\htdocs...', '_rels/.rels')
#2 C:\xampp\htdocs\promise\vendor\phpoffice\phpword\src\PhpWord\Reader\Word2007.php(42): PhpOffice\PhpWord\Reader\Word2007->readRelationships('C:\\xampp\\htdocs...')
#3 C:\xampp\htdocs\promise\vendor\phpoffice\phpword\src\PhpWord\IOFactory.php(93): PhpOffice\PhpWord\Reader\Word2007->load('C:\\xampp\\htdocs...')
#4 C:\xampp\htdocs\promise\app\Controllers\CetakSurat.php(67): PhpOffice\PhpWord\IOFactory::load('C:\\xampp\\htdocs...')
#5 C:\xampp\htdocs\promise\vendor\codeigniter4\framework\system\CodeIgniter.php(928): App\Controllers\CetakSurat->suratPengantarSurvey()
#6 C:\xampp\htdocs\promise\vendor\codeigniter4\framework\system\CodeIgniter.php(436): CodeIgniter\CodeIgniter->runController(Object(App\Controllers\CetakSurat))
#7 C:\xampp\htdocs\promise\vendor\codeigniter4\framework\system\CodeIgniter.php(336): CodeIgniter\CodeIgniter->handleRequest(NULL, Object(Config\Cache), false)
#8 C:\xampp\htdocs\promise\public\index.php(45): CodeIgniter\CodeIgniter->run()
#9 {main}
CRITICAL - 2021-10-26 04:51:43 --> Cannot find archive file.
#0 C:\xampp\htdocs\promise\vendor\phpoffice\phpword\src\PhpWord\Reader\Word2007.php(147): PhpOffice\PhpWord\Shared\XMLReader->getDomFromZip('C:\\xampp\\htdocs...', '_rels/.rels')
#1 C:\xampp\htdocs\promise\vendor\phpoffice\phpword\src\PhpWord\Reader\Word2007.php(112): PhpOffice\PhpWord\Reader\Word2007->getRels('C:\\xampp\\htdocs...', '_rels/.rels')
#2 C:\xampp\htdocs\promise\vendor\phpoffice\phpword\src\PhpWord\Reader\Word2007.php(42): PhpOffice\PhpWord\Reader\Word2007->readRelationships('C:\\xampp\\htdocs...')
#3 C:\xampp\htdocs\promise\vendor\phpoffice\phpword\src\PhpWord\IOFactory.php(93): PhpOffice\PhpWord\Reader\Word2007->load('C:\\xampp\\htdocs...')
#4 C:\xampp\htdocs\promise\app\Controllers\CetakSurat.php(67): PhpOffice\PhpWord\IOFactory::load('C:\\xampp\\htdocs...')
#5 C:\xampp\htdocs\promise\vendor\codeigniter4\framework\system\CodeIgniter.php(928): App\Controllers\CetakSurat->suratPengantarSurvey()
#6 C:\xampp\htdocs\promise\vendor\codeigniter4\framework\system\CodeIgniter.php(436): CodeIgniter\CodeIgniter->runController(Object(App\Controllers\CetakSurat))
#7 C:\xampp\htdocs\promise\vendor\codeigniter4\framework\system\CodeIgniter.php(336): CodeIgniter\CodeIgniter->handleRequest(NULL, Object(Config\Cache), false)
#8 C:\xampp\htdocs\promise\public\index.php(45): CodeIgniter\CodeIgniter->run()
#9 {main}
CRITICAL - 2021-10-26 04:51:46 --> Cannot find archive file.
#0 C:\xampp\htdocs\promise\vendor\phpoffice\phpword\src\PhpWord\Reader\Word2007.php(147): PhpOffice\PhpWord\Shared\XMLReader->getDomFromZip('C:\\xampp\\htdocs...', '_rels/.rels')
#1 C:\xampp\htdocs\promise\vendor\phpoffice\phpword\src\PhpWord\Reader\Word2007.php(112): PhpOffice\PhpWord\Reader\Word2007->getRels('C:\\xampp\\htdocs...', '_rels/.rels')
#2 C:\xampp\htdocs\promise\vendor\phpoffice\phpword\src\PhpWord\Reader\Word2007.php(42): PhpOffice\PhpWord\Reader\Word2007->readRelationships('C:\\xampp\\htdocs...')
#3 C:\xampp\htdocs\promise\vendor\phpoffice\phpword\src\PhpWord\IOFactory.php(93): PhpOffice\PhpWord\Reader\Word2007->load('C:\\xampp\\htdocs...')
#4 C:\xampp\htdocs\promise\app\Controllers\CetakSurat.php(67): PhpOffice\PhpWord\IOFactory::load('C:\\xampp\\htdocs...')
#5 C:\xampp\htdocs\promise\vendor\codeigniter4\framework\system\CodeIgniter.php(928): App\Controllers\CetakSurat->suratPengantarSurvey()
#6 C:\xampp\htdocs\promise\vendor\codeigniter4\framework\system\CodeIgniter.php(436): CodeIgniter\CodeIgniter->runController(Object(App\Controllers\CetakSurat))
#7 C:\xampp\htdocs\promise\vendor\codeigniter4\framework\system\CodeIgniter.php(336): CodeIgniter\CodeIgniter->handleRequest(NULL, Object(Config\Cache), false)
#8 C:\xampp\htdocs\promise\public\index.php(45): CodeIgniter\CodeIgniter->run()
#9 {main}
