CRITICAL - 2022-03-16 20:50:46 --> Invalid argument supplied for foreach()
#0 C:\xampp\htdocs\simanis\app\Views\layout\_sidebar.php(351): CodeIgniter\Debug\Exceptions->errorHandler(2, 'Invalid argumen...', 'C:\\xampp\\htdocs...', 351, Array)
#1 C:\xampp\htdocs\simanis\vendor\codeigniter4\framework\system\View\View.php(230): include('C:\\xampp\\htdocs...')
#2 C:\xampp\htdocs\simanis\vendor\codeigniter4\framework\system\View\View.php(232): CodeIgniter\View\View->CodeIgniter\View\{closure}()
#3 C:\xampp\htdocs\simanis\vendor\codeigniter4\framework\system\View\View.php(487): CodeIgniter\View\View->render('layout/_sidebar', NULL, true)
#4 C:\xampp\htdocs\simanis\app\Views\layout\templates.php(39): CodeIgniter\View\View->include('layout/_sidebar')
#5 C:\xampp\htdocs\simanis\vendor\codeigniter4\framework\system\View\View.php(230): include('C:\\xampp\\htdocs...')
#6 C:\xampp\htdocs\simanis\vendor\codeigniter4\framework\system\View\View.php(232): CodeIgniter\View\View->CodeIgniter\View\{closure}()
#7 C:\xampp\htdocs\simanis\vendor\codeigniter4\framework\system\View\View.php(246): CodeIgniter\View\View->render('layout/template...', Array, true)
#8 C:\xampp\htdocs\simanis\vendor\codeigniter4\framework\system\Common.php(1271): CodeIgniter\View\View->render('dashboard/index', Array, true)
#9 C:\xampp\htdocs\simanis\app\Controllers\Dashboard.php(25): view('dashboard/index', Array)
#10 C:\xampp\htdocs\simanis\app\Controllers\Dashboard.php(14): App\Controllers\Dashboard->view_dashboard('Administrator')
#11 C:\xampp\htdocs\simanis\vendor\codeigniter4\framework\system\CodeIgniter.php(928): App\Controllers\Dashboard->index()
#12 C:\xampp\htdocs\simanis\vendor\codeigniter4\framework\system\CodeIgniter.php(436): CodeIgniter\CodeIgniter->runController(Object(App\Controllers\Dashboard))
#13 C:\xampp\htdocs\simanis\vendor\codeigniter4\framework\system\CodeIgniter.php(336): CodeIgniter\CodeIgniter->handleRequest(NULL, Object(Config\Cache), false)
#14 C:\xampp\htdocs\simanis\public\index.php(45): CodeIgniter\CodeIgniter->run()
#15 {main}
CRITICAL - 2022-03-16 21:00:49 --> Invalid argument supplied for foreach()
#0 C:\xampp\htdocs\simanis\app\Views\layout\_sidebar.php(351): CodeIgniter\Debug\Exceptions->errorHandler(2, 'Invalid argumen...', 'C:\\xampp\\htdocs...', 351, Array)
#1 C:\xampp\htdocs\simanis\vendor\codeigniter4\framework\system\View\View.php(230): include('C:\\xampp\\htdocs...')
#2 C:\xampp\htdocs\simanis\vendor\codeigniter4\framework\system\View\View.php(232): CodeIgniter\View\View->CodeIgniter\View\{closure}()
#3 C:\xampp\htdocs\simanis\vendor\codeigniter4\framework\system\View\View.php(487): CodeIgniter\View\View->render('layout/_sidebar', NULL, true)
#4 C:\xampp\htdocs\simanis\app\Views\layout\templates.php(39): CodeIgniter\View\View->include('layout/_sidebar')
#5 C:\xampp\htdocs\simanis\vendor\codeigniter4\framework\system\View\View.php(230): include('C:\\xampp\\htdocs...')
#6 C:\xampp\htdocs\simanis\vendor\codeigniter4\framework\system\View\View.php(232): CodeIgniter\View\View->CodeIgniter\View\{closure}()
#7 C:\xampp\htdocs\simanis\vendor\codeigniter4\framework\system\View\View.php(246): CodeIgniter\View\View->render('layout/template...', Array, true)
#8 C:\xampp\htdocs\simanis\vendor\codeigniter4\framework\system\Common.php(1271): CodeIgniter\View\View->render('dashboard/index', Array, true)
#9 C:\xampp\htdocs\simanis\app\Controllers\Dashboard.php(25): view('dashboard/index', Array)
#10 C:\xampp\htdocs\simanis\app\Controllers\Dashboard.php(14): App\Controllers\Dashboard->view_dashboard('Administrator')
#11 C:\xampp\htdocs\simanis\vendor\codeigniter4\framework\system\CodeIgniter.php(928): App\Controllers\Dashboard->index()
#12 C:\xampp\htdocs\simanis\vendor\codeigniter4\framework\system\CodeIgniter.php(436): CodeIgniter\CodeIgniter->runController(Object(App\Controllers\Dashboard))
#13 C:\xampp\htdocs\simanis\vendor\codeigniter4\framework\system\CodeIgniter.php(336): CodeIgniter\CodeIgniter->handleRequest(NULL, Object(Config\Cache), false)
#14 C:\xampp\htdocs\simanis\public\index.php(45): CodeIgniter\CodeIgniter->run()
#15 {main}
CRITICAL - 2022-03-16 21:03:14 --> Undefined variable: menu
#0 C:\xampp\htdocs\simanis\app\Views\layout\_sidebar.php(351): CodeIgniter\Debug\Exceptions->errorHandler(8, 'Undefined varia...', 'C:\\xampp\\htdocs...', 351, Array)
#1 C:\xampp\htdocs\simanis\vendor\codeigniter4\framework\system\View\View.php(230): include('C:\\xampp\\htdocs...')
#2 C:\xampp\htdocs\simanis\vendor\codeigniter4\framework\system\View\View.php(232): CodeIgniter\View\View->CodeIgniter\View\{closure}()
#3 C:\xampp\htdocs\simanis\vendor\codeigniter4\framework\system\View\View.php(487): CodeIgniter\View\View->render('layout/_sidebar', NULL, true)
#4 C:\xampp\htdocs\simanis\app\Views\layout\templates.php(39): CodeIgniter\View\View->include('layout/_sidebar')
#5 C:\xampp\htdocs\simanis\vendor\codeigniter4\framework\system\View\View.php(230): include('C:\\xampp\\htdocs...')
#6 C:\xampp\htdocs\simanis\vendor\codeigniter4\framework\system\View\View.php(232): CodeIgniter\View\View->CodeIgniter\View\{closure}()
#7 C:\xampp\htdocs\simanis\vendor\codeigniter4\framework\system\View\View.php(246): CodeIgniter\View\View->render('layout/template...', Array, true)
#8 C:\xampp\htdocs\simanis\vendor\codeigniter4\framework\system\Common.php(1271): CodeIgniter\View\View->render('Users/index', Array, true)
#9 C:\xampp\htdocs\simanis\app\Controllers\Users.php(49): view('Users/index', Array)
#10 C:\xampp\htdocs\simanis\vendor\codeigniter4\framework\system\CodeIgniter.php(928): App\Controllers\Users->index()
#11 C:\xampp\htdocs\simanis\vendor\codeigniter4\framework\system\CodeIgniter.php(436): CodeIgniter\CodeIgniter->runController(Object(App\Controllers\Users))
#12 C:\xampp\htdocs\simanis\vendor\codeigniter4\framework\system\CodeIgniter.php(336): CodeIgniter\CodeIgniter->handleRequest(NULL, Object(Config\Cache), false)
#13 C:\xampp\htdocs\simanis\public\index.php(45): CodeIgniter\CodeIgniter->run()
#14 {main}
CRITICAL - 2022-03-16 21:05:53 --> Undefined variable: menu
#0 C:\xampp\htdocs\simanis\app\Views\layout\_sidebar.php(351): CodeIgniter\Debug\Exceptions->errorHandler(8, 'Undefined varia...', 'C:\\xampp\\htdocs...', 351, Array)
#1 C:\xampp\htdocs\simanis\vendor\codeigniter4\framework\system\View\View.php(230): include('C:\\xampp\\htdocs...')
#2 C:\xampp\htdocs\simanis\vendor\codeigniter4\framework\system\View\View.php(232): CodeIgniter\View\View->CodeIgniter\View\{closure}()
#3 C:\xampp\htdocs\simanis\vendor\codeigniter4\framework\system\View\View.php(487): CodeIgniter\View\View->render('layout/_sidebar', NULL, true)
#4 C:\xampp\htdocs\simanis\app\Views\layout\templates.php(39): CodeIgniter\View\View->include('layout/_sidebar')
#5 C:\xampp\htdocs\simanis\vendor\codeigniter4\framework\system\View\View.php(230): include('C:\\xampp\\htdocs...')
#6 C:\xampp\htdocs\simanis\vendor\codeigniter4\framework\system\View\View.php(232): CodeIgniter\View\View->CodeIgniter\View\{closure}()
#7 C:\xampp\htdocs\simanis\vendor\codeigniter4\framework\system\View\View.php(246): CodeIgniter\View\View->render('layout/template...', Array, true)
#8 C:\xampp\htdocs\simanis\vendor\codeigniter4\framework\system\Common.php(1271): CodeIgniter\View\View->render('Users/index', Array, true)
#9 C:\xampp\htdocs\simanis\app\Controllers\Users.php(49): view('Users/index', Array)
#10 C:\xampp\htdocs\simanis\vendor\codeigniter4\framework\system\CodeIgniter.php(928): App\Controllers\Users->index()
#11 C:\xampp\htdocs\simanis\vendor\codeigniter4\framework\system\CodeIgniter.php(436): CodeIgniter\CodeIgniter->runController(Object(App\Controllers\Users))
#12 C:\xampp\htdocs\simanis\vendor\codeigniter4\framework\system\CodeIgniter.php(336): CodeIgniter\CodeIgniter->handleRequest(NULL, Object(Config\Cache), false)
#13 C:\xampp\htdocs\simanis\public\index.php(45): CodeIgniter\CodeIgniter->run()
#14 {main}
CRITICAL - 2022-03-16 21:07:28 --> Undefined variable: menu
#0 C:\xampp\htdocs\simanis\app\Views\layout\_sidebar.php(351): CodeIgniter\Debug\Exceptions->errorHandler(8, 'Undefined varia...', 'C:\\xampp\\htdocs...', 351, Array)
#1 C:\xampp\htdocs\simanis\vendor\codeigniter4\framework\system\View\View.php(230): include('C:\\xampp\\htdocs...')
#2 C:\xampp\htdocs\simanis\vendor\codeigniter4\framework\system\View\View.php(232): CodeIgniter\View\View->CodeIgniter\View\{closure}()
#3 C:\xampp\htdocs\simanis\vendor\codeigniter4\framework\system\View\View.php(487): CodeIgniter\View\View->render('layout/_sidebar', NULL, true)
#4 C:\xampp\htdocs\simanis\app\Views\layout\templates.php(39): CodeIgniter\View\View->include('layout/_sidebar')
#5 C:\xampp\htdocs\simanis\vendor\codeigniter4\framework\system\View\View.php(230): include('C:\\xampp\\htdocs...')
#6 C:\xampp\htdocs\simanis\vendor\codeigniter4\framework\system\View\View.php(232): CodeIgniter\View\View->CodeIgniter\View\{closure}()
#7 C:\xampp\htdocs\simanis\vendor\codeigniter4\framework\system\View\View.php(246): CodeIgniter\View\View->render('layout/template...', Array, true)
#8 C:\xampp\htdocs\simanis\vendor\codeigniter4\framework\system\Common.php(1271): CodeIgniter\View\View->render('Users/index', Array, true)
#9 C:\xampp\htdocs\simanis\app\Controllers\Users.php(49): view('Users/index', Array)
#10 C:\xampp\htdocs\simanis\vendor\codeigniter4\framework\system\CodeIgniter.php(928): App\Controllers\Users->index()
#11 C:\xampp\htdocs\simanis\vendor\codeigniter4\framework\system\CodeIgniter.php(436): CodeIgniter\CodeIgniter->runController(Object(App\Controllers\Users))
#12 C:\xampp\htdocs\simanis\vendor\codeigniter4\framework\system\CodeIgniter.php(336): CodeIgniter\CodeIgniter->handleRequest(NULL, Object(Config\Cache), false)
#13 C:\xampp\htdocs\simanis\public\index.php(45): CodeIgniter\CodeIgniter->run()
#14 {main}
CRITICAL - 2022-03-16 21:07:37 --> Undefined variable: menu
#0 C:\xampp\htdocs\simanis\app\Views\layout\_sidebar.php(351): CodeIgniter\Debug\Exceptions->errorHandler(8, 'Undefined varia...', 'C:\\xampp\\htdocs...', 351, Array)
#1 C:\xampp\htdocs\simanis\vendor\codeigniter4\framework\system\View\View.php(230): include('C:\\xampp\\htdocs...')
#2 C:\xampp\htdocs\simanis\vendor\codeigniter4\framework\system\View\View.php(232): CodeIgniter\View\View->CodeIgniter\View\{closure}()
#3 C:\xampp\htdocs\simanis\vendor\codeigniter4\framework\system\View\View.php(487): CodeIgniter\View\View->render('layout/_sidebar', NULL, true)
#4 C:\xampp\htdocs\simanis\app\Views\layout\templates.php(39): CodeIgniter\View\View->include('layout/_sidebar')
#5 C:\xampp\htdocs\simanis\vendor\codeigniter4\framework\system\View\View.php(230): include('C:\\xampp\\htdocs...')
#6 C:\xampp\htdocs\simanis\vendor\codeigniter4\framework\system\View\View.php(232): CodeIgniter\View\View->CodeIgniter\View\{closure}()
#7 C:\xampp\htdocs\simanis\vendor\codeigniter4\framework\system\View\View.php(246): CodeIgniter\View\View->render('layout/template...', Array, true)
#8 C:\xampp\htdocs\simanis\vendor\codeigniter4\framework\system\Common.php(1271): CodeIgniter\View\View->render('Users/index', Array, true)
#9 C:\xampp\htdocs\simanis\app\Controllers\Users.php(49): view('Users/index', Array)
#10 C:\xampp\htdocs\simanis\vendor\codeigniter4\framework\system\CodeIgniter.php(928): App\Controllers\Users->index()
#11 C:\xampp\htdocs\simanis\vendor\codeigniter4\framework\system\CodeIgniter.php(436): CodeIgniter\CodeIgniter->runController(Object(App\Controllers\Users))
#12 C:\xampp\htdocs\simanis\vendor\codeigniter4\framework\system\CodeIgniter.php(336): CodeIgniter\CodeIgniter->handleRequest(NULL, Object(Config\Cache), false)
#13 C:\xampp\htdocs\simanis\public\index.php(45): CodeIgniter\CodeIgniter->run()
#14 {main}
CRITICAL - 2022-03-16 21:30:28 --> Undefined variable: menu
#0 C:\xampp\htdocs\simanis\app\Views\layout\_sidebar.php(351): CodeIgniter\Debug\Exceptions->errorHandler(8, 'Undefined varia...', 'C:\\xampp\\htdocs...', 351, Array)
#1 C:\xampp\htdocs\simanis\vendor\codeigniter4\framework\system\View\View.php(230): include('C:\\xampp\\htdocs...')
#2 C:\xampp\htdocs\simanis\vendor\codeigniter4\framework\system\View\View.php(232): CodeIgniter\View\View->CodeIgniter\View\{closure}()
#3 C:\xampp\htdocs\simanis\vendor\codeigniter4\framework\system\View\View.php(487): CodeIgniter\View\View->render('layout/_sidebar', NULL, true)
#4 C:\xampp\htdocs\simanis\app\Views\layout\templates.php(39): CodeIgniter\View\View->include('layout/_sidebar')
#5 C:\xampp\htdocs\simanis\vendor\codeigniter4\framework\system\View\View.php(230): include('C:\\xampp\\htdocs...')
#6 C:\xampp\htdocs\simanis\vendor\codeigniter4\framework\system\View\View.php(232): CodeIgniter\View\View->CodeIgniter\View\{closure}()
#7 C:\xampp\htdocs\simanis\vendor\codeigniter4\framework\system\View\View.php(246): CodeIgniter\View\View->render('layout/template...', Array, true)
#8 C:\xampp\htdocs\simanis\vendor\codeigniter4\framework\system\Common.php(1271): CodeIgniter\View\View->render('Users/index', Array, true)
#9 C:\xampp\htdocs\simanis\app\Controllers\Users.php(49): view('Users/index', Array)
#10 C:\xampp\htdocs\simanis\vendor\codeigniter4\framework\system\CodeIgniter.php(928): App\Controllers\Users->index()
#11 C:\xampp\htdocs\simanis\vendor\codeigniter4\framework\system\CodeIgniter.php(436): CodeIgniter\CodeIgniter->runController(Object(App\Controllers\Users))
#12 C:\xampp\htdocs\simanis\vendor\codeigniter4\framework\system\CodeIgniter.php(336): CodeIgniter\CodeIgniter->handleRequest(NULL, Object(Config\Cache), false)
#13 C:\xampp\htdocs\simanis\public\index.php(45): CodeIgniter\CodeIgniter->run()
#14 {main}
CRITICAL - 2022-03-16 21:31:14 --> Undefined variable: menu
#0 C:\xampp\htdocs\simanis\app\Views\layout\_sidebar.php(351): CodeIgniter\Debug\Exceptions->errorHandler(8, 'Undefined varia...', 'C:\\xampp\\htdocs...', 351, Array)
#1 C:\xampp\htdocs\simanis\vendor\codeigniter4\framework\system\View\View.php(230): include('C:\\xampp\\htdocs...')
#2 C:\xampp\htdocs\simanis\vendor\codeigniter4\framework\system\View\View.php(232): CodeIgniter\View\View->CodeIgniter\View\{closure}()
#3 C:\xampp\htdocs\simanis\vendor\codeigniter4\framework\system\View\View.php(487): CodeIgniter\View\View->render('layout/_sidebar', NULL, true)
#4 C:\xampp\htdocs\simanis\app\Views\layout\templates.php(39): CodeIgniter\View\View->include('layout/_sidebar')
#5 C:\xampp\htdocs\simanis\vendor\codeigniter4\framework\system\View\View.php(230): include('C:\\xampp\\htdocs...')
#6 C:\xampp\htdocs\simanis\vendor\codeigniter4\framework\system\View\View.php(232): CodeIgniter\View\View->CodeIgniter\View\{closure}()
#7 C:\xampp\htdocs\simanis\vendor\codeigniter4\framework\system\View\View.php(246): CodeIgniter\View\View->render('layout/template...', Array, true)
#8 C:\xampp\htdocs\simanis\vendor\codeigniter4\framework\system\Common.php(1271): CodeIgniter\View\View->render('Users/index', Array, true)
#9 C:\xampp\htdocs\simanis\app\Controllers\Users.php(49): view('Users/index', Array)
#10 C:\xampp\htdocs\simanis\vendor\codeigniter4\framework\system\CodeIgniter.php(928): App\Controllers\Users->index()
#11 C:\xampp\htdocs\simanis\vendor\codeigniter4\framework\system\CodeIgniter.php(436): CodeIgniter\CodeIgniter->runController(Object(App\Controllers\Users))
#12 C:\xampp\htdocs\simanis\vendor\codeigniter4\framework\system\CodeIgniter.php(336): CodeIgniter\CodeIgniter->handleRequest(NULL, Object(Config\Cache), false)
#13 C:\xampp\htdocs\simanis\public\index.php(45): CodeIgniter\CodeIgniter->run()
#14 {main}
CRITICAL - 2022-03-16 21:31:17 --> Undefined variable: menu
#0 C:\xampp\htdocs\simanis\app\Views\layout\_sidebar.php(351): CodeIgniter\Debug\Exceptions->errorHandler(8, 'Undefined varia...', 'C:\\xampp\\htdocs...', 351, Array)
#1 C:\xampp\htdocs\simanis\vendor\codeigniter4\framework\system\View\View.php(230): include('C:\\xampp\\htdocs...')
#2 C:\xampp\htdocs\simanis\vendor\codeigniter4\framework\system\View\View.php(232): CodeIgniter\View\View->CodeIgniter\View\{closure}()
#3 C:\xampp\htdocs\simanis\vendor\codeigniter4\framework\system\View\View.php(487): CodeIgniter\View\View->render('layout/_sidebar', NULL, true)
#4 C:\xampp\htdocs\simanis\app\Views\layout\templates.php(39): CodeIgniter\View\View->include('layout/_sidebar')
#5 C:\xampp\htdocs\simanis\vendor\codeigniter4\framework\system\View\View.php(230): include('C:\\xampp\\htdocs...')
#6 C:\xampp\htdocs\simanis\vendor\codeigniter4\framework\system\View\View.php(232): CodeIgniter\View\View->CodeIgniter\View\{closure}()
#7 C:\xampp\htdocs\simanis\vendor\codeigniter4\framework\system\View\View.php(246): CodeIgniter\View\View->render('layout/template...', Array, true)
#8 C:\xampp\htdocs\simanis\vendor\codeigniter4\framework\system\Common.php(1271): CodeIgniter\View\View->render('Users/index', Array, true)
#9 C:\xampp\htdocs\simanis\app\Controllers\Users.php(49): view('Users/index', Array)
#10 C:\xampp\htdocs\simanis\vendor\codeigniter4\framework\system\CodeIgniter.php(928): App\Controllers\Users->index()
#11 C:\xampp\htdocs\simanis\vendor\codeigniter4\framework\system\CodeIgniter.php(436): CodeIgniter\CodeIgniter->runController(Object(App\Controllers\Users))
#12 C:\xampp\htdocs\simanis\vendor\codeigniter4\framework\system\CodeIgniter.php(336): CodeIgniter\CodeIgniter->handleRequest(NULL, Object(Config\Cache), false)
#13 C:\xampp\htdocs\simanis\public\index.php(45): CodeIgniter\CodeIgniter->run()
#14 {main}
CRITICAL - 2022-03-16 21:32:19 --> syntax error, unexpected ';', expecting ']'
#0 C:\xampp\htdocs\simanis\vendor\codeigniter4\framework\system\Autoloader\Autoloader.php(273): CodeIgniter\Autoloader\Autoloader->includeFile('C:\\xampp\\htdocs...')
#1 C:\xampp\htdocs\simanis\vendor\codeigniter4\framework\system\Autoloader\Autoloader.php(247): CodeIgniter\Autoloader\Autoloader->loadInNamespace('App\\Controllers...')
#2 [internal function]: CodeIgniter\Autoloader\Autoloader->loadClass('App\\Controllers...')
#3 [internal function]: spl_autoload_call('App\\Controllers...')
#4 C:\xampp\htdocs\simanis\vendor\codeigniter4\framework\system\CodeIgniter.php(885): class_exists('\\App\\Controller...', true)
#5 C:\xampp\htdocs\simanis\vendor\codeigniter4\framework\system\CodeIgniter.php(421): CodeIgniter\CodeIgniter->startController()
#6 C:\xampp\htdocs\simanis\vendor\codeigniter4\framework\system\CodeIgniter.php(336): CodeIgniter\CodeIgniter->handleRequest(NULL, Object(Config\Cache), false)
#7 C:\xampp\htdocs\simanis\public\index.php(45): CodeIgniter\CodeIgniter->run()
#8 {main}
CRITICAL - 2022-03-16 21:47:24 --> Undefined variable: menu
#0 C:\xampp\htdocs\simanis\app\Views\layout\_sidebar.php(351): CodeIgniter\Debug\Exceptions->errorHandler(8, 'Undefined varia...', 'C:\\xampp\\htdocs...', 351, Array)
#1 C:\xampp\htdocs\simanis\vendor\codeigniter4\framework\system\View\View.php(230): include('C:\\xampp\\htdocs...')
#2 C:\xampp\htdocs\simanis\vendor\codeigniter4\framework\system\View\View.php(232): CodeIgniter\View\View->CodeIgniter\View\{closure}()
#3 C:\xampp\htdocs\simanis\vendor\codeigniter4\framework\system\View\View.php(487): CodeIgniter\View\View->render('layout/_sidebar', NULL, true)
#4 C:\xampp\htdocs\simanis\app\Views\layout\templates.php(39): CodeIgniter\View\View->include('layout/_sidebar')
#5 C:\xampp\htdocs\simanis\vendor\codeigniter4\framework\system\View\View.php(230): include('C:\\xampp\\htdocs...')
#6 C:\xampp\htdocs\simanis\vendor\codeigniter4\framework\system\View\View.php(232): CodeIgniter\View\View->CodeIgniter\View\{closure}()
#7 C:\xampp\htdocs\simanis\vendor\codeigniter4\framework\system\View\View.php(246): CodeIgniter\View\View->render('layout/template...', Array, true)
#8 C:\xampp\htdocs\simanis\vendor\codeigniter4\framework\system\Common.php(1271): CodeIgniter\View\View->render('Users/addUser', Array, true)
#9 C:\xampp\htdocs\simanis\app\Controllers\Users.php(61): view('Users/addUser', Array)
#10 C:\xampp\htdocs\simanis\vendor\codeigniter4\framework\system\CodeIgniter.php(928): App\Controllers\Users->addUser()
#11 C:\xampp\htdocs\simanis\vendor\codeigniter4\framework\system\CodeIgniter.php(436): CodeIgniter\CodeIgniter->runController(Object(App\Controllers\Users))
#12 C:\xampp\htdocs\simanis\vendor\codeigniter4\framework\system\CodeIgniter.php(336): CodeIgniter\CodeIgniter->handleRequest(NULL, Object(Config\Cache), false)
#13 C:\xampp\htdocs\simanis\public\index.php(45): CodeIgniter\CodeIgniter->run()
#14 {main}
