CRITICAL - 2021-10-20 10:08:51 --> Undefined variable: i
#0 C:\xampp\htdocs\promise\app\Views\dashboard\index_mahasiswa.php(40): CodeIgniter\Debug\Exceptions->errorHandler(8, 'Undefined varia...', 'C:\\xampp\\htdocs...', 40, Array)
#1 C:\xampp\htdocs\promise\vendor\codeigniter4\framework\system\View\View.php(230): include('C:\\xampp\\htdocs...')
#2 C:\xampp\htdocs\promise\vendor\codeigniter4\framework\system\View\View.php(232): CodeIgniter\View\View->CodeIgniter\View\{closure}()
#3 C:\xampp\htdocs\promise\vendor\codeigniter4\framework\system\Common.php(1271): CodeIgniter\View\View->render('dashboard/index...', Array, true)
#4 C:\xampp\htdocs\promise\app\Controllers\Dashboard.php(41): view('dashboard/index...', Array)
#5 C:\xampp\htdocs\promise\app\Controllers\Dashboard.php(14): App\Controllers\Dashboard->view_dashboard('Mahasiswa')
#6 C:\xampp\htdocs\promise\vendor\codeigniter4\framework\system\CodeIgniter.php(928): App\Controllers\Dashboard->index()
#7 C:\xampp\htdocs\promise\vendor\codeigniter4\framework\system\CodeIgniter.php(436): CodeIgniter\CodeIgniter->runController(Object(App\Controllers\Dashboard))
#8 C:\xampp\htdocs\promise\vendor\codeigniter4\framework\system\CodeIgniter.php(336): CodeIgniter\CodeIgniter->handleRequest(NULL, Object(Config\Cache), false)
#9 C:\xampp\htdocs\promise\public\index.php(45): CodeIgniter\CodeIgniter->run()
#10 {main}
CRITICAL - 2021-10-20 10:09:14 --> Undefined variable: i
#0 C:\xampp\htdocs\promise\app\Views\dashboard\index_mahasiswa.php(41): CodeIgniter\Debug\Exceptions->errorHandler(8, 'Undefined varia...', 'C:\\xampp\\htdocs...', 41, Array)
#1 C:\xampp\htdocs\promise\vendor\codeigniter4\framework\system\View\View.php(230): include('C:\\xampp\\htdocs...')
#2 C:\xampp\htdocs\promise\vendor\codeigniter4\framework\system\View\View.php(232): CodeIgniter\View\View->CodeIgniter\View\{closure}()
#3 C:\xampp\htdocs\promise\vendor\codeigniter4\framework\system\Common.php(1271): CodeIgniter\View\View->render('dashboard/index...', Array, true)
#4 C:\xampp\htdocs\promise\app\Controllers\Dashboard.php(41): view('dashboard/index...', Array)
#5 C:\xampp\htdocs\promise\app\Controllers\Dashboard.php(14): App\Controllers\Dashboard->view_dashboard('Mahasiswa')
#6 C:\xampp\htdocs\promise\vendor\codeigniter4\framework\system\CodeIgniter.php(928): App\Controllers\Dashboard->index()
#7 C:\xampp\htdocs\promise\vendor\codeigniter4\framework\system\CodeIgniter.php(436): CodeIgniter\CodeIgniter->runController(Object(App\Controllers\Dashboard))
#8 C:\xampp\htdocs\promise\vendor\codeigniter4\framework\system\CodeIgniter.php(336): CodeIgniter\CodeIgniter->handleRequest(NULL, Object(Config\Cache), false)
#9 C:\xampp\htdocs\promise\public\index.php(45): CodeIgniter\CodeIgniter->run()
#10 {main}
CRITICAL - 2021-10-20 10:09:15 --> Undefined variable: i
#0 C:\xampp\htdocs\promise\app\Views\dashboard\index_mahasiswa.php(41): CodeIgniter\Debug\Exceptions->errorHandler(8, 'Undefined varia...', 'C:\\xampp\\htdocs...', 41, Array)
#1 C:\xampp\htdocs\promise\vendor\codeigniter4\framework\system\View\View.php(230): include('C:\\xampp\\htdocs...')
#2 C:\xampp\htdocs\promise\vendor\codeigniter4\framework\system\View\View.php(232): CodeIgniter\View\View->CodeIgniter\View\{closure}()
#3 C:\xampp\htdocs\promise\vendor\codeigniter4\framework\system\Common.php(1271): CodeIgniter\View\View->render('dashboard/index...', Array, true)
#4 C:\xampp\htdocs\promise\app\Controllers\Dashboard.php(41): view('dashboard/index...', Array)
#5 C:\xampp\htdocs\promise\app\Controllers\Dashboard.php(14): App\Controllers\Dashboard->view_dashboard('Mahasiswa')
#6 C:\xampp\htdocs\promise\vendor\codeigniter4\framework\system\CodeIgniter.php(928): App\Controllers\Dashboard->index()
#7 C:\xampp\htdocs\promise\vendor\codeigniter4\framework\system\CodeIgniter.php(436): CodeIgniter\CodeIgniter->runController(Object(App\Controllers\Dashboard))
#8 C:\xampp\htdocs\promise\vendor\codeigniter4\framework\system\CodeIgniter.php(336): CodeIgniter\CodeIgniter->handleRequest(NULL, Object(Config\Cache), false)
#9 C:\xampp\htdocs\promise\public\index.php(45): CodeIgniter\CodeIgniter->run()
#10 {main}
