CRITICAL - 2021-06-27 10:42:12 --> Trying to get property 'username' of non-object
#0 C:\xampp\htdocs\promise\app\Views\layout\sidebar.php(42): CodeIgniter\Debug\Exceptions->errorHandler(8, 'Trying to get p...', 'C:\\xampp\\htdocs...', 42, Array)
#1 C:\xampp\htdocs\promise\vendor\codeigniter4\framework\system\View\View.php(230): include('C:\\xampp\\htdocs...')
#2 C:\xampp\htdocs\promise\vendor\codeigniter4\framework\system\View\View.php(232): CodeIgniter\View\View->CodeIgniter\View\{closure}()
#3 C:\xampp\htdocs\promise\vendor\codeigniter4\framework\system\View\View.php(487): CodeIgniter\View\View->render('layout/sidebar', NULL, true)
#4 C:\xampp\htdocs\promise\app\Views\layout\templates.php(46): CodeIgniter\View\View->include('layout/sidebar')
#5 C:\xampp\htdocs\promise\vendor\codeigniter4\framework\system\View\View.php(230): include('C:\\xampp\\htdocs...')
#6 C:\xampp\htdocs\promise\vendor\codeigniter4\framework\system\View\View.php(232): CodeIgniter\View\View->CodeIgniter\View\{closure}()
#7 C:\xampp\htdocs\promise\vendor\codeigniter4\framework\system\View\View.php(246): CodeIgniter\View\View->render('layout/template...', Array, true)
#8 C:\xampp\htdocs\promise\vendor\codeigniter4\framework\system\Common.php(1271): CodeIgniter\View\View->render('dashboard/index', Array, true)
#9 C:\xampp\htdocs\promise\app\Controllers\Dashboard.php(13): view('dashboard/index', Array)
#10 C:\xampp\htdocs\promise\vendor\codeigniter4\framework\system\CodeIgniter.php(928): App\Controllers\Dashboard->index()
#11 C:\xampp\htdocs\promise\vendor\codeigniter4\framework\system\CodeIgniter.php(436): CodeIgniter\CodeIgniter->runController(Object(App\Controllers\Dashboard))
#12 C:\xampp\htdocs\promise\vendor\codeigniter4\framework\system\CodeIgniter.php(336): CodeIgniter\CodeIgniter->handleRequest(NULL, Object(Config\Cache), false)
#13 C:\xampp\htdocs\promise\public\index.php(45): CodeIgniter\CodeIgniter->run()
#14 C:\xampp\htdocs\promise\index.php(2): require_once('C:\\xampp\\htdocs...')
#15 {main}
CRITICAL - 2021-06-27 10:42:13 --> Trying to get property 'username' of non-object
#0 C:\xampp\htdocs\promise\app\Views\layout\sidebar.php(42): CodeIgniter\Debug\Exceptions->errorHandler(8, 'Trying to get p...', 'C:\\xampp\\htdocs...', 42, Array)
#1 C:\xampp\htdocs\promise\vendor\codeigniter4\framework\system\View\View.php(230): include('C:\\xampp\\htdocs...')
#2 C:\xampp\htdocs\promise\vendor\codeigniter4\framework\system\View\View.php(232): CodeIgniter\View\View->CodeIgniter\View\{closure}()
#3 C:\xampp\htdocs\promise\vendor\codeigniter4\framework\system\View\View.php(487): CodeIgniter\View\View->render('layout/sidebar', NULL, true)
#4 C:\xampp\htdocs\promise\app\Views\layout\templates.php(46): CodeIgniter\View\View->include('layout/sidebar')
#5 C:\xampp\htdocs\promise\vendor\codeigniter4\framework\system\View\View.php(230): include('C:\\xampp\\htdocs...')
#6 C:\xampp\htdocs\promise\vendor\codeigniter4\framework\system\View\View.php(232): CodeIgniter\View\View->CodeIgniter\View\{closure}()
#7 C:\xampp\htdocs\promise\vendor\codeigniter4\framework\system\View\View.php(246): CodeIgniter\View\View->render('layout/template...', Array, true)
#8 C:\xampp\htdocs\promise\vendor\codeigniter4\framework\system\Common.php(1271): CodeIgniter\View\View->render('dashboard/index', Array, true)
#9 C:\xampp\htdocs\promise\app\Controllers\Dashboard.php(13): view('dashboard/index', Array)
#10 C:\xampp\htdocs\promise\vendor\codeigniter4\framework\system\CodeIgniter.php(928): App\Controllers\Dashboard->index()
#11 C:\xampp\htdocs\promise\vendor\codeigniter4\framework\system\CodeIgniter.php(436): CodeIgniter\CodeIgniter->runController(Object(App\Controllers\Dashboard))
#12 C:\xampp\htdocs\promise\vendor\codeigniter4\framework\system\CodeIgniter.php(336): CodeIgniter\CodeIgniter->handleRequest(NULL, Object(Config\Cache), false)
#13 C:\xampp\htdocs\promise\public\index.php(45): CodeIgniter\CodeIgniter->run()
#14 C:\xampp\htdocs\promise\index.php(2): require_once('C:\\xampp\\htdocs...')
#15 {main}
CRITICAL - 2021-06-27 10:45:41 --> Trying to get property 'username' of non-object
#0 C:\xampp\htdocs\promise\app\Views\layout\sidebar.php(42): CodeIgniter\Debug\Exceptions->errorHandler(8, 'Trying to get p...', 'C:\\xampp\\htdocs...', 42, Array)
#1 C:\xampp\htdocs\promise\vendor\codeigniter4\framework\system\View\View.php(230): include('C:\\xampp\\htdocs...')
#2 C:\xampp\htdocs\promise\vendor\codeigniter4\framework\system\View\View.php(232): CodeIgniter\View\View->CodeIgniter\View\{closure}()
#3 C:\xampp\htdocs\promise\vendor\codeigniter4\framework\system\View\View.php(487): CodeIgniter\View\View->render('layout/sidebar', NULL, true)
#4 C:\xampp\htdocs\promise\app\Views\layout\templates.php(46): CodeIgniter\View\View->include('layout/sidebar')
#5 C:\xampp\htdocs\promise\vendor\codeigniter4\framework\system\View\View.php(230): include('C:\\xampp\\htdocs...')
#6 C:\xampp\htdocs\promise\vendor\codeigniter4\framework\system\View\View.php(232): CodeIgniter\View\View->CodeIgniter\View\{closure}()
#7 C:\xampp\htdocs\promise\vendor\codeigniter4\framework\system\View\View.php(246): CodeIgniter\View\View->render('layout/template...', Array, true)
#8 C:\xampp\htdocs\promise\vendor\codeigniter4\framework\system\Common.php(1271): CodeIgniter\View\View->render('dashboard/index', Array, true)
#9 C:\xampp\htdocs\promise\app\Controllers\Dashboard.php(13): view('dashboard/index', Array)
#10 C:\xampp\htdocs\promise\vendor\codeigniter4\framework\system\CodeIgniter.php(928): App\Controllers\Dashboard->index()
#11 C:\xampp\htdocs\promise\vendor\codeigniter4\framework\system\CodeIgniter.php(436): CodeIgniter\CodeIgniter->runController(Object(App\Controllers\Dashboard))
#12 C:\xampp\htdocs\promise\vendor\codeigniter4\framework\system\CodeIgniter.php(336): CodeIgniter\CodeIgniter->handleRequest(NULL, Object(Config\Cache), false)
#13 C:\xampp\htdocs\promise\public\index.php(45): CodeIgniter\CodeIgniter->run()
#14 {main}
CRITICAL - 2021-06-27 10:45:44 --> Trying to get property 'username' of non-object
#0 C:\xampp\htdocs\promise\app\Views\layout\sidebar.php(42): CodeIgniter\Debug\Exceptions->errorHandler(8, 'Trying to get p...', 'C:\\xampp\\htdocs...', 42, Array)
#1 C:\xampp\htdocs\promise\vendor\codeigniter4\framework\system\View\View.php(230): include('C:\\xampp\\htdocs...')
#2 C:\xampp\htdocs\promise\vendor\codeigniter4\framework\system\View\View.php(232): CodeIgniter\View\View->CodeIgniter\View\{closure}()
#3 C:\xampp\htdocs\promise\vendor\codeigniter4\framework\system\View\View.php(487): CodeIgniter\View\View->render('layout/sidebar', NULL, true)
#4 C:\xampp\htdocs\promise\app\Views\layout\templates.php(46): CodeIgniter\View\View->include('layout/sidebar')
#5 C:\xampp\htdocs\promise\vendor\codeigniter4\framework\system\View\View.php(230): include('C:\\xampp\\htdocs...')
#6 C:\xampp\htdocs\promise\vendor\codeigniter4\framework\system\View\View.php(232): CodeIgniter\View\View->CodeIgniter\View\{closure}()
#7 C:\xampp\htdocs\promise\vendor\codeigniter4\framework\system\View\View.php(246): CodeIgniter\View\View->render('layout/template...', Array, true)
#8 C:\xampp\htdocs\promise\vendor\codeigniter4\framework\system\Common.php(1271): CodeIgniter\View\View->render('dashboard/index', Array, true)
#9 C:\xampp\htdocs\promise\app\Controllers\Dashboard.php(13): view('dashboard/index', Array)
#10 C:\xampp\htdocs\promise\vendor\codeigniter4\framework\system\CodeIgniter.php(928): App\Controllers\Dashboard->index()
#11 C:\xampp\htdocs\promise\vendor\codeigniter4\framework\system\CodeIgniter.php(436): CodeIgniter\CodeIgniter->runController(Object(App\Controllers\Dashboard))
#12 C:\xampp\htdocs\promise\vendor\codeigniter4\framework\system\CodeIgniter.php(336): CodeIgniter\CodeIgniter->handleRequest(NULL, Object(Config\Cache), false)
#13 C:\xampp\htdocs\promise\public\index.php(45): CodeIgniter\CodeIgniter->run()
#14 {main}
CRITICAL - 2021-06-27 10:45:54 --> Trying to get property 'username' of non-object
#0 C:\xampp\htdocs\promise\app\Views\layout\sidebar.php(42): CodeIgniter\Debug\Exceptions->errorHandler(8, 'Trying to get p...', 'C:\\xampp\\htdocs...', 42, Array)
#1 C:\xampp\htdocs\promise\vendor\codeigniter4\framework\system\View\View.php(230): include('C:\\xampp\\htdocs...')
#2 C:\xampp\htdocs\promise\vendor\codeigniter4\framework\system\View\View.php(232): CodeIgniter\View\View->CodeIgniter\View\{closure}()
#3 C:\xampp\htdocs\promise\vendor\codeigniter4\framework\system\View\View.php(487): CodeIgniter\View\View->render('layout/sidebar', NULL, true)
#4 C:\xampp\htdocs\promise\app\Views\layout\templates.php(46): CodeIgniter\View\View->include('layout/sidebar')
#5 C:\xampp\htdocs\promise\vendor\codeigniter4\framework\system\View\View.php(230): include('C:\\xampp\\htdocs...')
#6 C:\xampp\htdocs\promise\vendor\codeigniter4\framework\system\View\View.php(232): CodeIgniter\View\View->CodeIgniter\View\{closure}()
#7 C:\xampp\htdocs\promise\vendor\codeigniter4\framework\system\View\View.php(246): CodeIgniter\View\View->render('layout/template...', Array, true)
#8 C:\xampp\htdocs\promise\vendor\codeigniter4\framework\system\Common.php(1271): CodeIgniter\View\View->render('dashboard/index', Array, true)
#9 C:\xampp\htdocs\promise\app\Controllers\Dashboard.php(13): view('dashboard/index', Array)
#10 C:\xampp\htdocs\promise\vendor\codeigniter4\framework\system\CodeIgniter.php(928): App\Controllers\Dashboard->index()
#11 C:\xampp\htdocs\promise\vendor\codeigniter4\framework\system\CodeIgniter.php(436): CodeIgniter\CodeIgniter->runController(Object(App\Controllers\Dashboard))
#12 C:\xampp\htdocs\promise\vendor\codeigniter4\framework\system\CodeIgniter.php(336): CodeIgniter\CodeIgniter->handleRequest(NULL, Object(Config\Cache), false)
#13 C:\xampp\htdocs\promise\public\index.php(45): CodeIgniter\CodeIgniter->run()
#14 {main}
CRITICAL - 2021-06-27 11:21:48 --> Trying to get property 'username' of non-object
#0 C:\xampp\htdocs\promise\app\Views\layout\sidebar.php(42): CodeIgniter\Debug\Exceptions->errorHandler(8, 'Trying to get p...', 'C:\\xampp\\htdocs...', 42, Array)
#1 C:\xampp\htdocs\promise\vendor\codeigniter4\framework\system\View\View.php(230): include('C:\\xampp\\htdocs...')
#2 C:\xampp\htdocs\promise\vendor\codeigniter4\framework\system\View\View.php(232): CodeIgniter\View\View->CodeIgniter\View\{closure}()
#3 C:\xampp\htdocs\promise\vendor\codeigniter4\framework\system\View\View.php(487): CodeIgniter\View\View->render('layout/sidebar', NULL, true)
#4 C:\xampp\htdocs\promise\app\Views\layout\templates.php(46): CodeIgniter\View\View->include('layout/sidebar')
#5 C:\xampp\htdocs\promise\vendor\codeigniter4\framework\system\View\View.php(230): include('C:\\xampp\\htdocs...')
#6 C:\xampp\htdocs\promise\vendor\codeigniter4\framework\system\View\View.php(232): CodeIgniter\View\View->CodeIgniter\View\{closure}()
#7 C:\xampp\htdocs\promise\vendor\codeigniter4\framework\system\View\View.php(246): CodeIgniter\View\View->render('layout/template...', Array, true)
#8 C:\xampp\htdocs\promise\vendor\codeigniter4\framework\system\Common.php(1271): CodeIgniter\View\View->render('dashboard/index', Array, true)
#9 C:\xampp\htdocs\promise\app\Controllers\Dashboard.php(13): view('dashboard/index', Array)
#10 C:\xampp\htdocs\promise\vendor\codeigniter4\framework\system\CodeIgniter.php(928): App\Controllers\Dashboard->index()
#11 C:\xampp\htdocs\promise\vendor\codeigniter4\framework\system\CodeIgniter.php(436): CodeIgniter\CodeIgniter->runController(Object(App\Controllers\Dashboard))
#12 C:\xampp\htdocs\promise\vendor\codeigniter4\framework\system\CodeIgniter.php(336): CodeIgniter\CodeIgniter->handleRequest(NULL, Object(Config\Cache), false)
#13 C:\xampp\htdocs\promise\public\index.php(45): CodeIgniter\CodeIgniter->run()
#14 C:\xampp\htdocs\promise\index.php(2): require_once('C:\\xampp\\htdocs...')
#15 {main}
CRITICAL - 2021-06-27 11:22:50 --> Trying to get property 'username' of non-object
#0 C:\xampp\htdocs\promise\app\Views\layout\sidebar.php(42): CodeIgniter\Debug\Exceptions->errorHandler(8, 'Trying to get p...', 'C:\\xampp\\htdocs...', 42, Array)
#1 C:\xampp\htdocs\promise\vendor\codeigniter4\framework\system\View\View.php(230): include('C:\\xampp\\htdocs...')
#2 C:\xampp\htdocs\promise\vendor\codeigniter4\framework\system\View\View.php(232): CodeIgniter\View\View->CodeIgniter\View\{closure}()
#3 C:\xampp\htdocs\promise\vendor\codeigniter4\framework\system\View\View.php(487): CodeIgniter\View\View->render('layout/sidebar', NULL, true)
#4 C:\xampp\htdocs\promise\app\Views\layout\templates.php(46): CodeIgniter\View\View->include('layout/sidebar')
#5 C:\xampp\htdocs\promise\vendor\codeigniter4\framework\system\View\View.php(230): include('C:\\xampp\\htdocs...')
#6 C:\xampp\htdocs\promise\vendor\codeigniter4\framework\system\View\View.php(232): CodeIgniter\View\View->CodeIgniter\View\{closure}()
#7 C:\xampp\htdocs\promise\vendor\codeigniter4\framework\system\View\View.php(246): CodeIgniter\View\View->render('layout/template...', Array, true)
#8 C:\xampp\htdocs\promise\vendor\codeigniter4\framework\system\Common.php(1271): CodeIgniter\View\View->render('dashboard/index', Array, true)
#9 C:\xampp\htdocs\promise\app\Controllers\Dashboard.php(13): view('dashboard/index', Array)
#10 C:\xampp\htdocs\promise\vendor\codeigniter4\framework\system\CodeIgniter.php(928): App\Controllers\Dashboard->index()
#11 C:\xampp\htdocs\promise\vendor\codeigniter4\framework\system\CodeIgniter.php(436): CodeIgniter\CodeIgniter->runController(Object(App\Controllers\Dashboard))
#12 C:\xampp\htdocs\promise\vendor\codeigniter4\framework\system\CodeIgniter.php(336): CodeIgniter\CodeIgniter->handleRequest(NULL, Object(Config\Cache), false)
#13 C:\xampp\htdocs\promise\public\index.php(45): CodeIgniter\CodeIgniter->run()
#14 {main}
CRITICAL - 2021-06-27 11:23:55 --> Trying to get property 'username' of non-object
#0 C:\xampp\htdocs\promise\app\Views\layout\sidebar.php(42): CodeIgniter\Debug\Exceptions->errorHandler(8, 'Trying to get p...', 'C:\\xampp\\htdocs...', 42, Array)
#1 C:\xampp\htdocs\promise\vendor\codeigniter4\framework\system\View\View.php(230): include('C:\\xampp\\htdocs...')
#2 C:\xampp\htdocs\promise\vendor\codeigniter4\framework\system\View\View.php(232): CodeIgniter\View\View->CodeIgniter\View\{closure}()
#3 C:\xampp\htdocs\promise\vendor\codeigniter4\framework\system\View\View.php(487): CodeIgniter\View\View->render('layout/sidebar', NULL, true)
#4 C:\xampp\htdocs\promise\app\Views\layout\templates.php(46): CodeIgniter\View\View->include('layout/sidebar')
#5 C:\xampp\htdocs\promise\vendor\codeigniter4\framework\system\View\View.php(230): include('C:\\xampp\\htdocs...')
#6 C:\xampp\htdocs\promise\vendor\codeigniter4\framework\system\View\View.php(232): CodeIgniter\View\View->CodeIgniter\View\{closure}()
#7 C:\xampp\htdocs\promise\vendor\codeigniter4\framework\system\View\View.php(246): CodeIgniter\View\View->render('layout/template...', Array, true)
#8 C:\xampp\htdocs\promise\vendor\codeigniter4\framework\system\Common.php(1271): CodeIgniter\View\View->render('dashboard/index', Array, true)
#9 C:\xampp\htdocs\promise\app\Controllers\Dashboard.php(13): view('dashboard/index', Array)
#10 C:\xampp\htdocs\promise\vendor\codeigniter4\framework\system\CodeIgniter.php(928): App\Controllers\Dashboard->index()
#11 C:\xampp\htdocs\promise\vendor\codeigniter4\framework\system\CodeIgniter.php(436): CodeIgniter\CodeIgniter->runController(Object(App\Controllers\Dashboard))
#12 C:\xampp\htdocs\promise\vendor\codeigniter4\framework\system\CodeIgniter.php(336): CodeIgniter\CodeIgniter->handleRequest(NULL, Object(Config\Cache), false)
#13 C:\xampp\htdocs\promise\public\index.php(45): CodeIgniter\CodeIgniter->run()
#14 {main}
CRITICAL - 2021-06-27 11:23:57 --> Trying to get property 'username' of non-object
#0 C:\xampp\htdocs\promise\app\Views\layout\sidebar.php(42): CodeIgniter\Debug\Exceptions->errorHandler(8, 'Trying to get p...', 'C:\\xampp\\htdocs...', 42, Array)
#1 C:\xampp\htdocs\promise\vendor\codeigniter4\framework\system\View\View.php(230): include('C:\\xampp\\htdocs...')
#2 C:\xampp\htdocs\promise\vendor\codeigniter4\framework\system\View\View.php(232): CodeIgniter\View\View->CodeIgniter\View\{closure}()
#3 C:\xampp\htdocs\promise\vendor\codeigniter4\framework\system\View\View.php(487): CodeIgniter\View\View->render('layout/sidebar', NULL, true)
#4 C:\xampp\htdocs\promise\app\Views\layout\templates.php(46): CodeIgniter\View\View->include('layout/sidebar')
#5 C:\xampp\htdocs\promise\vendor\codeigniter4\framework\system\View\View.php(230): include('C:\\xampp\\htdocs...')
#6 C:\xampp\htdocs\promise\vendor\codeigniter4\framework\system\View\View.php(232): CodeIgniter\View\View->CodeIgniter\View\{closure}()
#7 C:\xampp\htdocs\promise\vendor\codeigniter4\framework\system\View\View.php(246): CodeIgniter\View\View->render('layout/template...', Array, true)
#8 C:\xampp\htdocs\promise\vendor\codeigniter4\framework\system\Common.php(1271): CodeIgniter\View\View->render('dashboard/index', Array, true)
#9 C:\xampp\htdocs\promise\app\Controllers\Dashboard.php(13): view('dashboard/index', Array)
#10 C:\xampp\htdocs\promise\vendor\codeigniter4\framework\system\CodeIgniter.php(928): App\Controllers\Dashboard->index()
#11 C:\xampp\htdocs\promise\vendor\codeigniter4\framework\system\CodeIgniter.php(436): CodeIgniter\CodeIgniter->runController(Object(App\Controllers\Dashboard))
#12 C:\xampp\htdocs\promise\vendor\codeigniter4\framework\system\CodeIgniter.php(336): CodeIgniter\CodeIgniter->handleRequest(NULL, Object(Config\Cache), false)
#13 C:\xampp\htdocs\promise\public\index.php(45): CodeIgniter\CodeIgniter->run()
#14 {main}
CRITICAL - 2021-06-27 11:30:55 --> Trying to get property 'username' of non-object
#0 C:\xampp\htdocs\promise\app\Views\layout\sidebar.php(42): CodeIgniter\Debug\Exceptions->errorHandler(8, 'Trying to get p...', 'C:\\xampp\\htdocs...', 42, Array)
#1 C:\xampp\htdocs\promise\vendor\codeigniter4\framework\system\View\View.php(230): include('C:\\xampp\\htdocs...')
#2 C:\xampp\htdocs\promise\vendor\codeigniter4\framework\system\View\View.php(232): CodeIgniter\View\View->CodeIgniter\View\{closure}()
#3 C:\xampp\htdocs\promise\vendor\codeigniter4\framework\system\View\View.php(487): CodeIgniter\View\View->render('layout/sidebar', NULL, true)
#4 C:\xampp\htdocs\promise\app\Views\layout\templates.php(46): CodeIgniter\View\View->include('layout/sidebar')
#5 C:\xampp\htdocs\promise\vendor\codeigniter4\framework\system\View\View.php(230): include('C:\\xampp\\htdocs...')
#6 C:\xampp\htdocs\promise\vendor\codeigniter4\framework\system\View\View.php(232): CodeIgniter\View\View->CodeIgniter\View\{closure}()
#7 C:\xampp\htdocs\promise\vendor\codeigniter4\framework\system\View\View.php(246): CodeIgniter\View\View->render('layout/template...', Array, true)
#8 C:\xampp\htdocs\promise\vendor\codeigniter4\framework\system\Common.php(1271): CodeIgniter\View\View->render('dashboard/index', Array, true)
#9 C:\xampp\htdocs\promise\app\Controllers\Dashboard.php(13): view('dashboard/index', Array)
#10 C:\xampp\htdocs\promise\vendor\codeigniter4\framework\system\CodeIgniter.php(928): App\Controllers\Dashboard->index()
#11 C:\xampp\htdocs\promise\vendor\codeigniter4\framework\system\CodeIgniter.php(436): CodeIgniter\CodeIgniter->runController(Object(App\Controllers\Dashboard))
#12 C:\xampp\htdocs\promise\vendor\codeigniter4\framework\system\CodeIgniter.php(336): CodeIgniter\CodeIgniter->handleRequest(NULL, Object(Config\Cache), false)
#13 C:\xampp\htdocs\promise\public\index.php(45): CodeIgniter\CodeIgniter->run()
#14 C:\xampp\htdocs\promise\index.php(2): require_once('C:\\xampp\\htdocs...')
#15 {main}
CRITICAL - 2021-06-27 11:30:56 --> Trying to get property 'username' of non-object
#0 C:\xampp\htdocs\promise\app\Views\layout\sidebar.php(42): CodeIgniter\Debug\Exceptions->errorHandler(8, 'Trying to get p...', 'C:\\xampp\\htdocs...', 42, Array)
#1 C:\xampp\htdocs\promise\vendor\codeigniter4\framework\system\View\View.php(230): include('C:\\xampp\\htdocs...')
#2 C:\xampp\htdocs\promise\vendor\codeigniter4\framework\system\View\View.php(232): CodeIgniter\View\View->CodeIgniter\View\{closure}()
#3 C:\xampp\htdocs\promise\vendor\codeigniter4\framework\system\View\View.php(487): CodeIgniter\View\View->render('layout/sidebar', NULL, true)
#4 C:\xampp\htdocs\promise\app\Views\layout\templates.php(46): CodeIgniter\View\View->include('layout/sidebar')
#5 C:\xampp\htdocs\promise\vendor\codeigniter4\framework\system\View\View.php(230): include('C:\\xampp\\htdocs...')
#6 C:\xampp\htdocs\promise\vendor\codeigniter4\framework\system\View\View.php(232): CodeIgniter\View\View->CodeIgniter\View\{closure}()
#7 C:\xampp\htdocs\promise\vendor\codeigniter4\framework\system\View\View.php(246): CodeIgniter\View\View->render('layout/template...', Array, true)
#8 C:\xampp\htdocs\promise\vendor\codeigniter4\framework\system\Common.php(1271): CodeIgniter\View\View->render('dashboard/index', Array, true)
#9 C:\xampp\htdocs\promise\app\Controllers\Dashboard.php(13): view('dashboard/index', Array)
#10 C:\xampp\htdocs\promise\vendor\codeigniter4\framework\system\CodeIgniter.php(928): App\Controllers\Dashboard->index()
#11 C:\xampp\htdocs\promise\vendor\codeigniter4\framework\system\CodeIgniter.php(436): CodeIgniter\CodeIgniter->runController(Object(App\Controllers\Dashboard))
#12 C:\xampp\htdocs\promise\vendor\codeigniter4\framework\system\CodeIgniter.php(336): CodeIgniter\CodeIgniter->handleRequest(NULL, Object(Config\Cache), false)
#13 C:\xampp\htdocs\promise\public\index.php(45): CodeIgniter\CodeIgniter->run()
#14 C:\xampp\htdocs\promise\index.php(2): require_once('C:\\xampp\\htdocs...')
#15 {main}
CRITICAL - 2021-06-27 11:32:00 --> Trying to get property 'username' of non-object
#0 C:\xampp\htdocs\promise\app\Views\layout\sidebar.php(42): CodeIgniter\Debug\Exceptions->errorHandler(8, 'Trying to get p...', 'C:\\xampp\\htdocs...', 42, Array)
#1 C:\xampp\htdocs\promise\vendor\codeigniter4\framework\system\View\View.php(230): include('C:\\xampp\\htdocs...')
#2 C:\xampp\htdocs\promise\vendor\codeigniter4\framework\system\View\View.php(232): CodeIgniter\View\View->CodeIgniter\View\{closure}()
#3 C:\xampp\htdocs\promise\vendor\codeigniter4\framework\system\View\View.php(487): CodeIgniter\View\View->render('layout/sidebar', NULL, true)
#4 C:\xampp\htdocs\promise\app\Views\layout\templates.php(46): CodeIgniter\View\View->include('layout/sidebar')
#5 C:\xampp\htdocs\promise\vendor\codeigniter4\framework\system\View\View.php(230): include('C:\\xampp\\htdocs...')
#6 C:\xampp\htdocs\promise\vendor\codeigniter4\framework\system\View\View.php(232): CodeIgniter\View\View->CodeIgniter\View\{closure}()
#7 C:\xampp\htdocs\promise\vendor\codeigniter4\framework\system\View\View.php(246): CodeIgniter\View\View->render('layout/template...', Array, true)
#8 C:\xampp\htdocs\promise\vendor\codeigniter4\framework\system\Common.php(1271): CodeIgniter\View\View->render('dashboard/index', Array, true)
#9 C:\xampp\htdocs\promise\app\Controllers\Dashboard.php(13): view('dashboard/index', Array)
#10 C:\xampp\htdocs\promise\vendor\codeigniter4\framework\system\CodeIgniter.php(928): App\Controllers\Dashboard->index()
#11 C:\xampp\htdocs\promise\vendor\codeigniter4\framework\system\CodeIgniter.php(436): CodeIgniter\CodeIgniter->runController(Object(App\Controllers\Dashboard))
#12 C:\xampp\htdocs\promise\vendor\codeigniter4\framework\system\CodeIgniter.php(336): CodeIgniter\CodeIgniter->handleRequest(NULL, Object(Config\Cache), false)
#13 C:\xampp\htdocs\promise\public\index.php(45): CodeIgniter\CodeIgniter->run()
#14 {main}
CRITICAL - 2021-06-27 11:36:03 --> Trying to get property 'username' of non-object
#0 C:\xampp\htdocs\promise\app\Views\layout\sidebar.php(42): CodeIgniter\Debug\Exceptions->errorHandler(8, 'Trying to get p...', 'C:\\xampp\\htdocs...', 42, Array)
#1 C:\xampp\htdocs\promise\vendor\codeigniter4\framework\system\View\View.php(230): include('C:\\xampp\\htdocs...')
#2 C:\xampp\htdocs\promise\vendor\codeigniter4\framework\system\View\View.php(232): CodeIgniter\View\View->CodeIgniter\View\{closure}()
#3 C:\xampp\htdocs\promise\vendor\codeigniter4\framework\system\View\View.php(487): CodeIgniter\View\View->render('layout/sidebar', NULL, true)
#4 C:\xampp\htdocs\promise\app\Views\layout\templates.php(46): CodeIgniter\View\View->include('layout/sidebar')
#5 C:\xampp\htdocs\promise\vendor\codeigniter4\framework\system\View\View.php(230): include('C:\\xampp\\htdocs...')
#6 C:\xampp\htdocs\promise\vendor\codeigniter4\framework\system\View\View.php(232): CodeIgniter\View\View->CodeIgniter\View\{closure}()
#7 C:\xampp\htdocs\promise\vendor\codeigniter4\framework\system\View\View.php(246): CodeIgniter\View\View->render('layout/template...', Array, true)
#8 C:\xampp\htdocs\promise\vendor\codeigniter4\framework\system\Common.php(1271): CodeIgniter\View\View->render('dashboard/index', Array, true)
#9 C:\xampp\htdocs\promise\app\Controllers\Dashboard.php(13): view('dashboard/index', Array)
#10 C:\xampp\htdocs\promise\vendor\codeigniter4\framework\system\CodeIgniter.php(928): App\Controllers\Dashboard->index()
#11 C:\xampp\htdocs\promise\vendor\codeigniter4\framework\system\CodeIgniter.php(436): CodeIgniter\CodeIgniter->runController(Object(App\Controllers\Dashboard))
#12 C:\xampp\htdocs\promise\vendor\codeigniter4\framework\system\CodeIgniter.php(336): CodeIgniter\CodeIgniter->handleRequest(NULL, Object(Config\Cache), false)
#13 C:\xampp\htdocs\promise\public\index.php(45): CodeIgniter\CodeIgniter->run()
#14 C:\xampp\htdocs\promise\index.php(2): require_once('C:\\xampp\\htdocs...')
#15 {main}
CRITICAL - 2021-06-27 11:36:03 --> Trying to get property 'username' of non-object
#0 C:\xampp\htdocs\promise\app\Views\layout\sidebar.php(42): CodeIgniter\Debug\Exceptions->errorHandler(8, 'Trying to get p...', 'C:\\xampp\\htdocs...', 42, Array)
#1 C:\xampp\htdocs\promise\vendor\codeigniter4\framework\system\View\View.php(230): include('C:\\xampp\\htdocs...')
#2 C:\xampp\htdocs\promise\vendor\codeigniter4\framework\system\View\View.php(232): CodeIgniter\View\View->CodeIgniter\View\{closure}()
#3 C:\xampp\htdocs\promise\vendor\codeigniter4\framework\system\View\View.php(487): CodeIgniter\View\View->render('layout/sidebar', NULL, true)
#4 C:\xampp\htdocs\promise\app\Views\layout\templates.php(46): CodeIgniter\View\View->include('layout/sidebar')
#5 C:\xampp\htdocs\promise\vendor\codeigniter4\framework\system\View\View.php(230): include('C:\\xampp\\htdocs...')
#6 C:\xampp\htdocs\promise\vendor\codeigniter4\framework\system\View\View.php(232): CodeIgniter\View\View->CodeIgniter\View\{closure}()
#7 C:\xampp\htdocs\promise\vendor\codeigniter4\framework\system\View\View.php(246): CodeIgniter\View\View->render('layout/template...', Array, true)
#8 C:\xampp\htdocs\promise\vendor\codeigniter4\framework\system\Common.php(1271): CodeIgniter\View\View->render('dashboard/index', Array, true)
#9 C:\xampp\htdocs\promise\app\Controllers\Dashboard.php(13): view('dashboard/index', Array)
#10 C:\xampp\htdocs\promise\vendor\codeigniter4\framework\system\CodeIgniter.php(928): App\Controllers\Dashboard->index()
#11 C:\xampp\htdocs\promise\vendor\codeigniter4\framework\system\CodeIgniter.php(436): CodeIgniter\CodeIgniter->runController(Object(App\Controllers\Dashboard))
#12 C:\xampp\htdocs\promise\vendor\codeigniter4\framework\system\CodeIgniter.php(336): CodeIgniter\CodeIgniter->handleRequest(NULL, Object(Config\Cache), false)
#13 C:\xampp\htdocs\promise\public\index.php(45): CodeIgniter\CodeIgniter->run()
#14 C:\xampp\htdocs\promise\index.php(2): require_once('C:\\xampp\\htdocs...')
#15 {main}
CRITICAL - 2021-06-27 11:42:46 --> Trying to get property 'username' of non-object
#0 C:\xampp\htdocs\promise\app\Views\layout\sidebar.php(42): CodeIgniter\Debug\Exceptions->errorHandler(8, 'Trying to get p...', 'C:\\xampp\\htdocs...', 42, Array)
#1 C:\xampp\htdocs\promise\vendor\codeigniter4\framework\system\View\View.php(230): include('C:\\xampp\\htdocs...')
#2 C:\xampp\htdocs\promise\vendor\codeigniter4\framework\system\View\View.php(232): CodeIgniter\View\View->CodeIgniter\View\{closure}()
#3 C:\xampp\htdocs\promise\vendor\codeigniter4\framework\system\View\View.php(487): CodeIgniter\View\View->render('layout/sidebar', NULL, true)
#4 C:\xampp\htdocs\promise\app\Views\layout\templates.php(46): CodeIgniter\View\View->include('layout/sidebar')
#5 C:\xampp\htdocs\promise\vendor\codeigniter4\framework\system\View\View.php(230): include('C:\\xampp\\htdocs...')
#6 C:\xampp\htdocs\promise\vendor\codeigniter4\framework\system\View\View.php(232): CodeIgniter\View\View->CodeIgniter\View\{closure}()
#7 C:\xampp\htdocs\promise\vendor\codeigniter4\framework\system\View\View.php(246): CodeIgniter\View\View->render('layout/template...', Array, true)
#8 C:\xampp\htdocs\promise\vendor\codeigniter4\framework\system\Common.php(1271): CodeIgniter\View\View->render('dashboard/index', Array, true)
#9 C:\xampp\htdocs\promise\app\Controllers\Dashboard.php(13): view('dashboard/index', Array)
#10 C:\xampp\htdocs\promise\vendor\codeigniter4\framework\system\CodeIgniter.php(928): App\Controllers\Dashboard->index()
#11 C:\xampp\htdocs\promise\vendor\codeigniter4\framework\system\CodeIgniter.php(436): CodeIgniter\CodeIgniter->runController(Object(App\Controllers\Dashboard))
#12 C:\xampp\htdocs\promise\vendor\codeigniter4\framework\system\CodeIgniter.php(336): CodeIgniter\CodeIgniter->handleRequest(NULL, Object(Config\Cache), false)
#13 C:\xampp\htdocs\promise\public\index.php(45): CodeIgniter\CodeIgniter->run()
#14 C:\xampp\htdocs\promise\index.php(2): require_once('C:\\xampp\\htdocs...')
#15 {main}
CRITICAL - 2021-06-27 11:42:49 --> Trying to get property 'username' of non-object
#0 C:\xampp\htdocs\promise\app\Views\layout\sidebar.php(42): CodeIgniter\Debug\Exceptions->errorHandler(8, 'Trying to get p...', 'C:\\xampp\\htdocs...', 42, Array)
#1 C:\xampp\htdocs\promise\vendor\codeigniter4\framework\system\View\View.php(230): include('C:\\xampp\\htdocs...')
#2 C:\xampp\htdocs\promise\vendor\codeigniter4\framework\system\View\View.php(232): CodeIgniter\View\View->CodeIgniter\View\{closure}()
#3 C:\xampp\htdocs\promise\vendor\codeigniter4\framework\system\View\View.php(487): CodeIgniter\View\View->render('layout/sidebar', NULL, true)
#4 C:\xampp\htdocs\promise\app\Views\layout\templates.php(46): CodeIgniter\View\View->include('layout/sidebar')
#5 C:\xampp\htdocs\promise\vendor\codeigniter4\framework\system\View\View.php(230): include('C:\\xampp\\htdocs...')
#6 C:\xampp\htdocs\promise\vendor\codeigniter4\framework\system\View\View.php(232): CodeIgniter\View\View->CodeIgniter\View\{closure}()
#7 C:\xampp\htdocs\promise\vendor\codeigniter4\framework\system\View\View.php(246): CodeIgniter\View\View->render('layout/template...', Array, true)
#8 C:\xampp\htdocs\promise\vendor\codeigniter4\framework\system\Common.php(1271): CodeIgniter\View\View->render('dashboard/index', Array, true)
#9 C:\xampp\htdocs\promise\app\Controllers\Dashboard.php(13): view('dashboard/index', Array)
#10 C:\xampp\htdocs\promise\vendor\codeigniter4\framework\system\CodeIgniter.php(928): App\Controllers\Dashboard->index()
#11 C:\xampp\htdocs\promise\vendor\codeigniter4\framework\system\CodeIgniter.php(436): CodeIgniter\CodeIgniter->runController(Object(App\Controllers\Dashboard))
#12 C:\xampp\htdocs\promise\vendor\codeigniter4\framework\system\CodeIgniter.php(336): CodeIgniter\CodeIgniter->handleRequest(NULL, Object(Config\Cache), false)
#13 C:\xampp\htdocs\promise\public\index.php(45): CodeIgniter\CodeIgniter->run()
#14 C:\xampp\htdocs\promise\index.php(2): require_once('C:\\xampp\\htdocs...')
#15 {main}
CRITICAL - 2021-06-27 11:43:17 --> Trying to get property 'username' of non-object
#0 C:\xampp\htdocs\promise\app\Views\layout\sidebar.php(42): CodeIgniter\Debug\Exceptions->errorHandler(8, 'Trying to get p...', 'C:\\xampp\\htdocs...', 42, Array)
#1 C:\xampp\htdocs\promise\vendor\codeigniter4\framework\system\View\View.php(230): include('C:\\xampp\\htdocs...')
#2 C:\xampp\htdocs\promise\vendor\codeigniter4\framework\system\View\View.php(232): CodeIgniter\View\View->CodeIgniter\View\{closure}()
#3 C:\xampp\htdocs\promise\vendor\codeigniter4\framework\system\View\View.php(487): CodeIgniter\View\View->render('layout/sidebar', NULL, true)
#4 C:\xampp\htdocs\promise\app\Views\layout\templates.php(46): CodeIgniter\View\View->include('layout/sidebar')
#5 C:\xampp\htdocs\promise\vendor\codeigniter4\framework\system\View\View.php(230): include('C:\\xampp\\htdocs...')
#6 C:\xampp\htdocs\promise\vendor\codeigniter4\framework\system\View\View.php(232): CodeIgniter\View\View->CodeIgniter\View\{closure}()
#7 C:\xampp\htdocs\promise\vendor\codeigniter4\framework\system\View\View.php(246): CodeIgniter\View\View->render('layout/template...', Array, true)
#8 C:\xampp\htdocs\promise\vendor\codeigniter4\framework\system\Common.php(1271): CodeIgniter\View\View->render('dashboard/index', Array, true)
#9 C:\xampp\htdocs\promise\app\Controllers\Dashboard.php(13): view('dashboard/index', Array)
#10 C:\xampp\htdocs\promise\vendor\codeigniter4\framework\system\CodeIgniter.php(928): App\Controllers\Dashboard->index()
#11 C:\xampp\htdocs\promise\vendor\codeigniter4\framework\system\CodeIgniter.php(436): CodeIgniter\CodeIgniter->runController(Object(App\Controllers\Dashboard))
#12 C:\xampp\htdocs\promise\vendor\codeigniter4\framework\system\CodeIgniter.php(336): CodeIgniter\CodeIgniter->handleRequest(NULL, Object(Config\Cache), false)
#13 C:\xampp\htdocs\promise\public\index.php(45): CodeIgniter\CodeIgniter->run()
#14 {main}
CRITICAL - 2021-06-27 11:46:19 --> Trying to get property 'username' of non-object
#0 C:\xampp\htdocs\promise\app\Views\layout\sidebar.php(42): CodeIgniter\Debug\Exceptions->errorHandler(8, 'Trying to get p...', 'C:\\xampp\\htdocs...', 42, Array)
#1 C:\xampp\htdocs\promise\vendor\codeigniter4\framework\system\View\View.php(230): include('C:\\xampp\\htdocs...')
#2 C:\xampp\htdocs\promise\vendor\codeigniter4\framework\system\View\View.php(232): CodeIgniter\View\View->CodeIgniter\View\{closure}()
#3 C:\xampp\htdocs\promise\vendor\codeigniter4\framework\system\View\View.php(487): CodeIgniter\View\View->render('layout/sidebar', NULL, true)
#4 C:\xampp\htdocs\promise\app\Views\layout\templates.php(46): CodeIgniter\View\View->include('layout/sidebar')
#5 C:\xampp\htdocs\promise\vendor\codeigniter4\framework\system\View\View.php(230): include('C:\\xampp\\htdocs...')
#6 C:\xampp\htdocs\promise\vendor\codeigniter4\framework\system\View\View.php(232): CodeIgniter\View\View->CodeIgniter\View\{closure}()
#7 C:\xampp\htdocs\promise\vendor\codeigniter4\framework\system\View\View.php(246): CodeIgniter\View\View->render('layout/template...', Array, true)
#8 C:\xampp\htdocs\promise\vendor\codeigniter4\framework\system\Common.php(1271): CodeIgniter\View\View->render('dashboard/index', Array, true)
#9 C:\xampp\htdocs\promise\app\Controllers\Dashboard.php(13): view('dashboard/index', Array)
#10 C:\xampp\htdocs\promise\vendor\codeigniter4\framework\system\CodeIgniter.php(928): App\Controllers\Dashboard->index()
#11 C:\xampp\htdocs\promise\vendor\codeigniter4\framework\system\CodeIgniter.php(436): CodeIgniter\CodeIgniter->runController(Object(App\Controllers\Dashboard))
#12 C:\xampp\htdocs\promise\vendor\codeigniter4\framework\system\CodeIgniter.php(336): CodeIgniter\CodeIgniter->handleRequest(NULL, Object(Config\Cache), false)
#13 C:\xampp\htdocs\promise\public\index.php(45): CodeIgniter\CodeIgniter->run()
#14 {main}
CRITICAL - 2021-06-27 11:46:22 --> Trying to get property 'username' of non-object
#0 C:\xampp\htdocs\promise\app\Views\layout\sidebar.php(42): CodeIgniter\Debug\Exceptions->errorHandler(8, 'Trying to get p...', 'C:\\xampp\\htdocs...', 42, Array)
#1 C:\xampp\htdocs\promise\vendor\codeigniter4\framework\system\View\View.php(230): include('C:\\xampp\\htdocs...')
#2 C:\xampp\htdocs\promise\vendor\codeigniter4\framework\system\View\View.php(232): CodeIgniter\View\View->CodeIgniter\View\{closure}()
#3 C:\xampp\htdocs\promise\vendor\codeigniter4\framework\system\View\View.php(487): CodeIgniter\View\View->render('layout/sidebar', NULL, true)
#4 C:\xampp\htdocs\promise\app\Views\layout\templates.php(46): CodeIgniter\View\View->include('layout/sidebar')
#5 C:\xampp\htdocs\promise\vendor\codeigniter4\framework\system\View\View.php(230): include('C:\\xampp\\htdocs...')
#6 C:\xampp\htdocs\promise\vendor\codeigniter4\framework\system\View\View.php(232): CodeIgniter\View\View->CodeIgniter\View\{closure}()
#7 C:\xampp\htdocs\promise\vendor\codeigniter4\framework\system\View\View.php(246): CodeIgniter\View\View->render('layout/template...', Array, true)
#8 C:\xampp\htdocs\promise\vendor\codeigniter4\framework\system\Common.php(1271): CodeIgniter\View\View->render('dashboard/index', Array, true)
#9 C:\xampp\htdocs\promise\app\Controllers\Dashboard.php(13): view('dashboard/index', Array)
#10 C:\xampp\htdocs\promise\vendor\codeigniter4\framework\system\CodeIgniter.php(928): App\Controllers\Dashboard->index()
#11 C:\xampp\htdocs\promise\vendor\codeigniter4\framework\system\CodeIgniter.php(436): CodeIgniter\CodeIgniter->runController(Object(App\Controllers\Dashboard))
#12 C:\xampp\htdocs\promise\vendor\codeigniter4\framework\system\CodeIgniter.php(336): CodeIgniter\CodeIgniter->handleRequest(NULL, Object(Config\Cache), false)
#13 C:\xampp\htdocs\promise\public\index.php(45): CodeIgniter\CodeIgniter->run()
#14 {main}
CRITICAL - 2021-06-27 11:46:36 --> Trying to get property 'username' of non-object
#0 C:\xampp\htdocs\promise\app\Views\layout\sidebar.php(42): CodeIgniter\Debug\Exceptions->errorHandler(8, 'Trying to get p...', 'C:\\xampp\\htdocs...', 42, Array)
#1 C:\xampp\htdocs\promise\vendor\codeigniter4\framework\system\View\View.php(230): include('C:\\xampp\\htdocs...')
#2 C:\xampp\htdocs\promise\vendor\codeigniter4\framework\system\View\View.php(232): CodeIgniter\View\View->CodeIgniter\View\{closure}()
#3 C:\xampp\htdocs\promise\vendor\codeigniter4\framework\system\View\View.php(487): CodeIgniter\View\View->render('layout/sidebar', NULL, true)
#4 C:\xampp\htdocs\promise\app\Views\layout\templates.php(46): CodeIgniter\View\View->include('layout/sidebar')
#5 C:\xampp\htdocs\promise\vendor\codeigniter4\framework\system\View\View.php(230): include('C:\\xampp\\htdocs...')
#6 C:\xampp\htdocs\promise\vendor\codeigniter4\framework\system\View\View.php(232): CodeIgniter\View\View->CodeIgniter\View\{closure}()
#7 C:\xampp\htdocs\promise\vendor\codeigniter4\framework\system\View\View.php(246): CodeIgniter\View\View->render('layout/template...', Array, true)
#8 C:\xampp\htdocs\promise\vendor\codeigniter4\framework\system\Common.php(1271): CodeIgniter\View\View->render('dashboard/index', Array, true)
#9 C:\xampp\htdocs\promise\app\Controllers\Dashboard.php(13): view('dashboard/index', Array)
#10 C:\xampp\htdocs\promise\vendor\codeigniter4\framework\system\CodeIgniter.php(928): App\Controllers\Dashboard->index()
#11 C:\xampp\htdocs\promise\vendor\codeigniter4\framework\system\CodeIgniter.php(436): CodeIgniter\CodeIgniter->runController(Object(App\Controllers\Dashboard))
#12 C:\xampp\htdocs\promise\vendor\codeigniter4\framework\system\CodeIgniter.php(336): CodeIgniter\CodeIgniter->handleRequest(NULL, Object(Config\Cache), false)
#13 C:\xampp\htdocs\promise\public\index.php(45): CodeIgniter\CodeIgniter->run()
#14 {main}
CRITICAL - 2021-06-27 11:46:38 --> Trying to get property 'username' of non-object
#0 C:\xampp\htdocs\promise\app\Views\layout\sidebar.php(42): CodeIgniter\Debug\Exceptions->errorHandler(8, 'Trying to get p...', 'C:\\xampp\\htdocs...', 42, Array)
#1 C:\xampp\htdocs\promise\vendor\codeigniter4\framework\system\View\View.php(230): include('C:\\xampp\\htdocs...')
#2 C:\xampp\htdocs\promise\vendor\codeigniter4\framework\system\View\View.php(232): CodeIgniter\View\View->CodeIgniter\View\{closure}()
#3 C:\xampp\htdocs\promise\vendor\codeigniter4\framework\system\View\View.php(487): CodeIgniter\View\View->render('layout/sidebar', NULL, true)
#4 C:\xampp\htdocs\promise\app\Views\layout\templates.php(46): CodeIgniter\View\View->include('layout/sidebar')
#5 C:\xampp\htdocs\promise\vendor\codeigniter4\framework\system\View\View.php(230): include('C:\\xampp\\htdocs...')
#6 C:\xampp\htdocs\promise\vendor\codeigniter4\framework\system\View\View.php(232): CodeIgniter\View\View->CodeIgniter\View\{closure}()
#7 C:\xampp\htdocs\promise\vendor\codeigniter4\framework\system\View\View.php(246): CodeIgniter\View\View->render('layout/template...', Array, true)
#8 C:\xampp\htdocs\promise\vendor\codeigniter4\framework\system\Common.php(1271): CodeIgniter\View\View->render('dashboard/index', Array, true)
#9 C:\xampp\htdocs\promise\app\Controllers\Dashboard.php(13): view('dashboard/index', Array)
#10 C:\xampp\htdocs\promise\vendor\codeigniter4\framework\system\CodeIgniter.php(928): App\Controllers\Dashboard->index()
#11 C:\xampp\htdocs\promise\vendor\codeigniter4\framework\system\CodeIgniter.php(436): CodeIgniter\CodeIgniter->runController(Object(App\Controllers\Dashboard))
#12 C:\xampp\htdocs\promise\vendor\codeigniter4\framework\system\CodeIgniter.php(336): CodeIgniter\CodeIgniter->handleRequest(NULL, Object(Config\Cache), false)
#13 C:\xampp\htdocs\promise\public\index.php(45): CodeIgniter\CodeIgniter->run()
#14 {main}
CRITICAL - 2021-06-27 11:46:43 --> Trying to get property 'username' of non-object
#0 C:\xampp\htdocs\promise\app\Views\layout\sidebar.php(42): CodeIgniter\Debug\Exceptions->errorHandler(8, 'Trying to get p...', 'C:\\xampp\\htdocs...', 42, Array)
#1 C:\xampp\htdocs\promise\vendor\codeigniter4\framework\system\View\View.php(230): include('C:\\xampp\\htdocs...')
#2 C:\xampp\htdocs\promise\vendor\codeigniter4\framework\system\View\View.php(232): CodeIgniter\View\View->CodeIgniter\View\{closure}()
#3 C:\xampp\htdocs\promise\vendor\codeigniter4\framework\system\View\View.php(487): CodeIgniter\View\View->render('layout/sidebar', NULL, true)
#4 C:\xampp\htdocs\promise\app\Views\layout\templates.php(46): CodeIgniter\View\View->include('layout/sidebar')
#5 C:\xampp\htdocs\promise\vendor\codeigniter4\framework\system\View\View.php(230): include('C:\\xampp\\htdocs...')
#6 C:\xampp\htdocs\promise\vendor\codeigniter4\framework\system\View\View.php(232): CodeIgniter\View\View->CodeIgniter\View\{closure}()
#7 C:\xampp\htdocs\promise\vendor\codeigniter4\framework\system\View\View.php(246): CodeIgniter\View\View->render('layout/template...', Array, true)
#8 C:\xampp\htdocs\promise\vendor\codeigniter4\framework\system\Common.php(1271): CodeIgniter\View\View->render('dashboard/index', Array, true)
#9 C:\xampp\htdocs\promise\app\Controllers\Dashboard.php(13): view('dashboard/index', Array)
#10 C:\xampp\htdocs\promise\vendor\codeigniter4\framework\system\CodeIgniter.php(928): App\Controllers\Dashboard->index()
#11 C:\xampp\htdocs\promise\vendor\codeigniter4\framework\system\CodeIgniter.php(436): CodeIgniter\CodeIgniter->runController(Object(App\Controllers\Dashboard))
#12 C:\xampp\htdocs\promise\vendor\codeigniter4\framework\system\CodeIgniter.php(336): CodeIgniter\CodeIgniter->handleRequest(NULL, Object(Config\Cache), false)
#13 C:\xampp\htdocs\promise\public\index.php(45): CodeIgniter\CodeIgniter->run()
#14 {main}
CRITICAL - 2021-06-27 11:52:35 --> Trying to get property 'username' of non-object
#0 C:\xampp\htdocs\promise\app\Views\layout\sidebar.php(42): CodeIgniter\Debug\Exceptions->errorHandler(8, 'Trying to get p...', 'C:\\xampp\\htdocs...', 42, Array)
#1 C:\xampp\htdocs\promise\vendor\codeigniter4\framework\system\View\View.php(230): include('C:\\xampp\\htdocs...')
#2 C:\xampp\htdocs\promise\vendor\codeigniter4\framework\system\View\View.php(232): CodeIgniter\View\View->CodeIgniter\View\{closure}()
#3 C:\xampp\htdocs\promise\vendor\codeigniter4\framework\system\View\View.php(487): CodeIgniter\View\View->render('layout/sidebar', NULL, true)
#4 C:\xampp\htdocs\promise\app\Views\layout\templates.php(46): CodeIgniter\View\View->include('layout/sidebar')
#5 C:\xampp\htdocs\promise\vendor\codeigniter4\framework\system\View\View.php(230): include('C:\\xampp\\htdocs...')
#6 C:\xampp\htdocs\promise\vendor\codeigniter4\framework\system\View\View.php(232): CodeIgniter\View\View->CodeIgniter\View\{closure}()
#7 C:\xampp\htdocs\promise\vendor\codeigniter4\framework\system\View\View.php(246): CodeIgniter\View\View->render('layout/template...', Array, true)
#8 C:\xampp\htdocs\promise\vendor\codeigniter4\framework\system\Common.php(1271): CodeIgniter\View\View->render('dashboard/index', Array, true)
#9 C:\xampp\htdocs\promise\app\Controllers\Dashboard.php(13): view('dashboard/index', Array)
#10 C:\xampp\htdocs\promise\vendor\codeigniter4\framework\system\CodeIgniter.php(928): App\Controllers\Dashboard->index()
#11 C:\xampp\htdocs\promise\vendor\codeigniter4\framework\system\CodeIgniter.php(436): CodeIgniter\CodeIgniter->runController(Object(App\Controllers\Dashboard))
#12 C:\xampp\htdocs\promise\vendor\codeigniter4\framework\system\CodeIgniter.php(336): CodeIgniter\CodeIgniter->handleRequest(NULL, Object(Config\Cache), false)
#13 C:\xampp\htdocs\promise\public\index.php(45): CodeIgniter\CodeIgniter->run()
#14 {main}
CRITICAL - 2021-06-27 11:52:37 --> Trying to get property 'username' of non-object
#0 C:\xampp\htdocs\promise\app\Views\layout\sidebar.php(42): CodeIgniter\Debug\Exceptions->errorHandler(8, 'Trying to get p...', 'C:\\xampp\\htdocs...', 42, Array)
#1 C:\xampp\htdocs\promise\vendor\codeigniter4\framework\system\View\View.php(230): include('C:\\xampp\\htdocs...')
#2 C:\xampp\htdocs\promise\vendor\codeigniter4\framework\system\View\View.php(232): CodeIgniter\View\View->CodeIgniter\View\{closure}()
#3 C:\xampp\htdocs\promise\vendor\codeigniter4\framework\system\View\View.php(487): CodeIgniter\View\View->render('layout/sidebar', NULL, true)
#4 C:\xampp\htdocs\promise\app\Views\layout\templates.php(46): CodeIgniter\View\View->include('layout/sidebar')
#5 C:\xampp\htdocs\promise\vendor\codeigniter4\framework\system\View\View.php(230): include('C:\\xampp\\htdocs...')
#6 C:\xampp\htdocs\promise\vendor\codeigniter4\framework\system\View\View.php(232): CodeIgniter\View\View->CodeIgniter\View\{closure}()
#7 C:\xampp\htdocs\promise\vendor\codeigniter4\framework\system\View\View.php(246): CodeIgniter\View\View->render('layout/template...', Array, true)
#8 C:\xampp\htdocs\promise\vendor\codeigniter4\framework\system\Common.php(1271): CodeIgniter\View\View->render('dashboard/index', Array, true)
#9 C:\xampp\htdocs\promise\app\Controllers\Dashboard.php(13): view('dashboard/index', Array)
#10 C:\xampp\htdocs\promise\vendor\codeigniter4\framework\system\CodeIgniter.php(928): App\Controllers\Dashboard->index()
#11 C:\xampp\htdocs\promise\vendor\codeigniter4\framework\system\CodeIgniter.php(436): CodeIgniter\CodeIgniter->runController(Object(App\Controllers\Dashboard))
#12 C:\xampp\htdocs\promise\vendor\codeigniter4\framework\system\CodeIgniter.php(336): CodeIgniter\CodeIgniter->handleRequest(NULL, Object(Config\Cache), false)
#13 C:\xampp\htdocs\promise\public\index.php(45): CodeIgniter\CodeIgniter->run()
#14 {main}
CRITICAL - 2021-06-27 11:52:42 --> Trying to get property 'username' of non-object
#0 C:\xampp\htdocs\promise\app\Views\layout\sidebar.php(42): CodeIgniter\Debug\Exceptions->errorHandler(8, 'Trying to get p...', 'C:\\xampp\\htdocs...', 42, Array)
#1 C:\xampp\htdocs\promise\vendor\codeigniter4\framework\system\View\View.php(230): include('C:\\xampp\\htdocs...')
#2 C:\xampp\htdocs\promise\vendor\codeigniter4\framework\system\View\View.php(232): CodeIgniter\View\View->CodeIgniter\View\{closure}()
#3 C:\xampp\htdocs\promise\vendor\codeigniter4\framework\system\View\View.php(487): CodeIgniter\View\View->render('layout/sidebar', NULL, true)
#4 C:\xampp\htdocs\promise\app\Views\layout\templates.php(46): CodeIgniter\View\View->include('layout/sidebar')
#5 C:\xampp\htdocs\promise\vendor\codeigniter4\framework\system\View\View.php(230): include('C:\\xampp\\htdocs...')
#6 C:\xampp\htdocs\promise\vendor\codeigniter4\framework\system\View\View.php(232): CodeIgniter\View\View->CodeIgniter\View\{closure}()
#7 C:\xampp\htdocs\promise\vendor\codeigniter4\framework\system\View\View.php(246): CodeIgniter\View\View->render('layout/template...', Array, true)
#8 C:\xampp\htdocs\promise\vendor\codeigniter4\framework\system\Common.php(1271): CodeIgniter\View\View->render('dashboard/index', Array, true)
#9 C:\xampp\htdocs\promise\app\Controllers\Dashboard.php(13): view('dashboard/index', Array)
#10 C:\xampp\htdocs\promise\vendor\codeigniter4\framework\system\CodeIgniter.php(928): App\Controllers\Dashboard->index()
#11 C:\xampp\htdocs\promise\vendor\codeigniter4\framework\system\CodeIgniter.php(436): CodeIgniter\CodeIgniter->runController(Object(App\Controllers\Dashboard))
#12 C:\xampp\htdocs\promise\vendor\codeigniter4\framework\system\CodeIgniter.php(336): CodeIgniter\CodeIgniter->handleRequest(NULL, Object(Config\Cache), false)
#13 C:\xampp\htdocs\promise\public\index.php(45): CodeIgniter\CodeIgniter->run()
#14 C:\xampp\htdocs\promise\index.php(2): require_once('C:\\xampp\\htdocs...')
#15 {main}
CRITICAL - 2021-06-27 11:52:42 --> Trying to get property 'username' of non-object
#0 C:\xampp\htdocs\promise\app\Views\layout\sidebar.php(42): CodeIgniter\Debug\Exceptions->errorHandler(8, 'Trying to get p...', 'C:\\xampp\\htdocs...', 42, Array)
#1 C:\xampp\htdocs\promise\vendor\codeigniter4\framework\system\View\View.php(230): include('C:\\xampp\\htdocs...')
#2 C:\xampp\htdocs\promise\vendor\codeigniter4\framework\system\View\View.php(232): CodeIgniter\View\View->CodeIgniter\View\{closure}()
#3 C:\xampp\htdocs\promise\vendor\codeigniter4\framework\system\View\View.php(487): CodeIgniter\View\View->render('layout/sidebar', NULL, true)
#4 C:\xampp\htdocs\promise\app\Views\layout\templates.php(46): CodeIgniter\View\View->include('layout/sidebar')
#5 C:\xampp\htdocs\promise\vendor\codeigniter4\framework\system\View\View.php(230): include('C:\\xampp\\htdocs...')
#6 C:\xampp\htdocs\promise\vendor\codeigniter4\framework\system\View\View.php(232): CodeIgniter\View\View->CodeIgniter\View\{closure}()
#7 C:\xampp\htdocs\promise\vendor\codeigniter4\framework\system\View\View.php(246): CodeIgniter\View\View->render('layout/template...', Array, true)
#8 C:\xampp\htdocs\promise\vendor\codeigniter4\framework\system\Common.php(1271): CodeIgniter\View\View->render('dashboard/index', Array, true)
#9 C:\xampp\htdocs\promise\app\Controllers\Dashboard.php(13): view('dashboard/index', Array)
#10 C:\xampp\htdocs\promise\vendor\codeigniter4\framework\system\CodeIgniter.php(928): App\Controllers\Dashboard->index()
#11 C:\xampp\htdocs\promise\vendor\codeigniter4\framework\system\CodeIgniter.php(436): CodeIgniter\CodeIgniter->runController(Object(App\Controllers\Dashboard))
#12 C:\xampp\htdocs\promise\vendor\codeigniter4\framework\system\CodeIgniter.php(336): CodeIgniter\CodeIgniter->handleRequest(NULL, Object(Config\Cache), false)
#13 C:\xampp\htdocs\promise\public\index.php(45): CodeIgniter\CodeIgniter->run()
#14 C:\xampp\htdocs\promise\index.php(2): require_once('C:\\xampp\\htdocs...')
#15 {main}
CRITICAL - 2021-06-27 18:06:05 --> Invalid file: agungsugiarto\boilerplate\Views\Authentication\message_block.php
#0 C:\xampp\htdocs\promise\vendor\codeigniter4\framework\system\View\View.php(213): CodeIgniter\Exceptions\FrameworkException::forInvalidFile('agungsugiarto\\b...')
#1 C:\xampp\htdocs\promise\vendor\codeigniter4\framework\system\View\View.php(487): CodeIgniter\View\View->render('agungsugiarto\\b...', NULL, true)
#2 C:\xampp\htdocs\promise\app\Views\landing-page.php(50): CodeIgniter\View\View->include('agungsugiarto\\b...')
#3 C:\xampp\htdocs\promise\vendor\codeigniter4\framework\system\View\View.php(230): include('C:\\xampp\\htdocs...')
#4 C:\xampp\htdocs\promise\vendor\codeigniter4\framework\system\View\View.php(232): CodeIgniter\View\View->CodeIgniter\View\{closure}()
#5 C:\xampp\htdocs\promise\vendor\codeigniter4\framework\system\Common.php(1271): CodeIgniter\View\View->render('landing-page', Array, true)
#6 C:\xampp\htdocs\promise\vendor\myth\auth\src\Controllers\AuthController.php(421): view('landing-page', Array)
#7 C:\xampp\htdocs\promise\vendor\myth\auth\src\Controllers\AuthController.php(57): Myth\Auth\Controllers\AuthController->_render('landing-page', Array)
#8 C:\xampp\htdocs\promise\vendor\codeigniter4\framework\system\CodeIgniter.php(928): Myth\Auth\Controllers\AuthController->login()
#9 C:\xampp\htdocs\promise\vendor\codeigniter4\framework\system\CodeIgniter.php(436): CodeIgniter\CodeIgniter->runController(Object(Myth\Auth\Controllers\AuthController))
#10 C:\xampp\htdocs\promise\vendor\codeigniter4\framework\system\CodeIgniter.php(336): CodeIgniter\CodeIgniter->handleRequest(NULL, Object(Config\Cache), false)
#11 C:\xampp\htdocs\promise\public\index.php(45): CodeIgniter\CodeIgniter->run()
#12 {main}
CRITICAL - 2021-06-27 18:10:13 --> Unable to connect to the database.
Main connection [MySQLi]: No connection could be made because the target machine actively refused it.

#0 C:\xampp\htdocs\promise\vendor\codeigniter4\framework\system\Database\BaseConnection.php(625): CodeIgniter\Database\BaseConnection->initialize()
#1 C:\xampp\htdocs\promise\vendor\codeigniter4\framework\system\Database\BaseBuilder.php(1881): CodeIgniter\Database\BaseConnection->query('SELECT *\nFROM `...', Array, false)
#2 C:\xampp\htdocs\promise\vendor\codeigniter4\framework\system\Model.php(228): CodeIgniter\Database\BaseBuilder->get()
#3 C:\xampp\htdocs\promise\vendor\codeigniter4\framework\system\BaseModel.php(644): CodeIgniter\Model->doFirst()
#4 C:\xampp\htdocs\promise\vendor\myth\auth\src\Authentication\LocalAuthenticator.php(156): CodeIgniter\BaseModel->first()
#5 C:\xampp\htdocs\promise\vendor\myth\auth\src\Authentication\LocalAuthenticator.php(20): Myth\Auth\Authentication\LocalAuthenticator->validate(Array, true)
#6 C:\xampp\htdocs\promise\vendor\myth\auth\src\Controllers\AuthController.php(88): Myth\Auth\Authentication\LocalAuthenticator->attempt(Array, false)
#7 C:\xampp\htdocs\promise\vendor\codeigniter4\framework\system\CodeIgniter.php(928): Myth\Auth\Controllers\AuthController->attemptLogin()
#8 C:\xampp\htdocs\promise\vendor\codeigniter4\framework\system\CodeIgniter.php(436): CodeIgniter\CodeIgniter->runController(Object(Myth\Auth\Controllers\AuthController))
#9 C:\xampp\htdocs\promise\vendor\codeigniter4\framework\system\CodeIgniter.php(336): CodeIgniter\CodeIgniter->handleRequest(NULL, Object(Config\Cache), false)
#10 C:\xampp\htdocs\promise\public\index.php(45): CodeIgniter\CodeIgniter->run()
#11 {main}
